#
# There is insufficient memory for the Java Runtime Environment to continue.
# Native memory allocation (mmap) failed to map 266338304 bytes for Failed to commit area from 0x0000000702000000 to 0x0000000711e00000 of length 266338304.
# Possible reasons:
#   The system is out of physical RAM or swap space
#   The process is running with CompressedOops enabled, and the Java Heap may be blocking the growth of the native heap
# Possible solutions:
#   Reduce memory load on the system
#   Increase physical memory or swap space
#   Check if swap backing store is full
#   Decrease Java heap size (-Xmx/-Xms)
#   Decrease number of Java threads
#   Decrease Java thread stack sizes (-Xss)
#   Set larger code cache with -XX:ReservedCodeCacheSize=
# This output file may be truncated or incomplete.
#
#  Out of Memory Error (./src/hotspot/os/windows/os_windows.cpp:3303), pid=12340, tid=21428
#
# JRE version:  (11.0.7+10) (build )
# Java VM: OpenJDK 64-Bit Server VM (11.0.7+10-b765.64, mixed mode, sharing, tiered, compressed oops, g1 gc, windows-amd64)
# No core dump will be written. Minidumps are not enabled by default on client versions of Windows
#

---------------  S U M M A R Y ------------

Command Line: org.jetbrains.git4idea.http.GitAskPassApp Username for 'https://gitee.com': 

Host: Intel(R) Core(TM) i7-9750H CPU @ 2.60GHz, 12 cores, 15G,  Windows 10 , 64 bit Build 19041 (10.0.19041.1202)
Time: Wed Oct 27 16:08:28 2021 中国标准时间 elapsed time: 0 seconds (0d 0h 0m 0s)

---------------  T H R E A D  ---------------

Current thread (0x0000020963968800):  JavaThread "Unknown thread" [_thread_in_vm, id=21428, stack(0x000000772f300000,0x000000772f400000)]

Stack: [0x000000772f300000,0x000000772f400000]
Native frames: (J=compiled Java code, j=interpreted, Vv=VM code, C=native code)
V  [jvm.dll+0x5dda4a]
V  [jvm.dll+0x711595]
V  [jvm.dll+0x712aed]
V  [jvm.dll+0x7131a3]
V  [jvm.dll+0x23e368]
V  [jvm.dll+0x5daf04]
V  [jvm.dll+0x5d0085]
V  [jvm.dll+0x2fb0cb]
V  [jvm.dll+0x2fb03a]
V  [jvm.dll+0x2faf12]
V  [jvm.dll+0x2ffdf6]
V  [jvm.dll+0x348393]
V  [jvm.dll+0x348a96]
V  [jvm.dll+0x348493]
V  [jvm.dll+0x2d59e8]
V  [jvm.dll+0x2d6b87]
V  [jvm.dll+0x6f04e7]
V  [jvm.dll+0x6f1cdc]
V  [jvm.dll+0x355909]
V  [jvm.dll+0x6d42ae]
V  [jvm.dll+0x3bda13]
V  [jvm.dll+0x3bfc51]
C  [jli.dll+0x5363]
C  [ucrtbase.dll+0x21bb2]
C  [KERNEL32.DLL+0x17034]
C  [ntdll.dll+0x52651]


---------------  P R O C E S S  ---------------

Threads class SMR info:
_java_thread_list=0x00000209637720d0, length=0, elements={
}

Java Threads: ( => current thread )

Other Threads:
  0x0000020963981000 GCTaskThread "GC Thread#0" [stack: 0x000000772f400000,0x000000772f500000] [id=5596]
  0x00000209639e1800 ConcurrentGCThread "G1 Main Marker" [stack: 0x000000772f500000,0x000000772f600000] [id=10000]
  0x00000209639e4000 ConcurrentGCThread "G1 Conc#0" [stack: 0x000000772f600000,0x000000772f700000] [id=13756]

[error occurred during error reporting (printing all threads), id 0xc0000005, EXCEPTION_ACCESS_VIOLATION (0xc0000005) at pc=0x00007ffb94af5fc7]

VM state:not at safepoint (not fully initialized)

VM Mutex/Monitor currently owned by a thread:  ([mutex/lock_event])
[0x00000209639669c0] Heap_lock - owner thread: 0x0000020963968800

Heap address: 0x0000000702000000, size: 4064 MB, Compressed Oops mode: Non-zero based: 0x0000000702000000
Narrow klass base: 0x0000000000000000, Narrow klass shift: 0

GC Heap History (0 events):
No events

Deoptimization events (0 events):
No events

Classes redefined (0 events):
No events

Internal exceptions (0 events):
No events

Events (2 events):
Event: 0.005 Loaded shared library D:\itapp\idea\IntelliJ IDEA 2020.1.3\jbr\bin\zip.dll
Event: 0.006 Loaded shared library D:\itapp\idea\IntelliJ IDEA 2020.1.3\jbr\bin\jimage.dll


Dynamic libraries:
0x00007ff6f69d0000 - 0x00007ff6f69da000 	D:\itapp\idea\IntelliJ IDEA 2020.1.3\jbr\bin\java.exe
0x00007ffbe13f0000 - 0x00007ffbe15e5000 	C:\WINDOWS\SYSTEM32\ntdll.dll
0x00007ffbe0730000 - 0x00007ffbe07ee000 	C:\WINDOWS\System32\KERNEL32.DLL
0x00007ffbdeee0000 - 0x00007ffbdf1a9000 	C:\WINDOWS\System32\KERNELBASE.dll
0x00007ffbdec80000 - 0x00007ffbded80000 	C:\WINDOWS\System32\ucrtbase.dll
0x00007ffbd8080000 - 0x00007ffbd8097000 	D:\itapp\idea\IntelliJ IDEA 2020.1.3\jbr\bin\VCRUNTIME140.dll
0x00007ffbd7fe0000 - 0x00007ffbd7ff9000 	D:\itapp\idea\IntelliJ IDEA 2020.1.3\jbr\bin\jli.dll
0x00007ffbe1160000 - 0x00007ffbe1301000 	C:\WINDOWS\System32\USER32.dll
0x00007ffbdebc0000 - 0x00007ffbdebe2000 	C:\WINDOWS\System32\win32u.dll
0x00007ffbcb340000 - 0x00007ffbcb5da000 	C:\WINDOWS\WinSxS\amd64_microsoft.windows.common-controls_6595b64144ccf1df_6.0.19041.1110_none_60b5254171f9507e\COMCTL32.dll
0x00007ffbe1360000 - 0x00007ffbe138b000 	C:\WINDOWS\System32\GDI32.dll
0x00007ffbe1050000 - 0x00007ffbe10ee000 	C:\WINDOWS\System32\msvcrt.dll
0x00007ffbdf2b0000 - 0x00007ffbdf3bb000 	C:\WINDOWS\System32\gdi32full.dll
0x00007ffbdf1b0000 - 0x00007ffbdf24d000 	C:\WINDOWS\System32\msvcp_win.dll
0x00007ffbe1320000 - 0x00007ffbe1350000 	C:\WINDOWS\System32\IMM32.DLL
0x00007ffba37d0000 - 0x00007ffba386d000 	D:\itapp\idea\IntelliJ IDEA 2020.1.3\jbr\bin\msvcp140.dll
0x00007ffb94810000 - 0x00007ffb952cb000 	D:\itapp\idea\IntelliJ IDEA 2020.1.3\jbr\bin\server\jvm.dll
0x00007ffbe0a70000 - 0x00007ffbe0b1c000 	C:\WINDOWS\System32\ADVAPI32.dll
0x00007ffbe0b90000 - 0x00007ffbe0c2b000 	C:\WINDOWS\System32\sechost.dll
0x00007ffbdf990000 - 0x00007ffbdfaba000 	C:\WINDOWS\System32\RPCRT4.dll
0x00007ffbe1350000 - 0x00007ffbe1358000 	C:\WINDOWS\System32\PSAPI.DLL
0x00007ffbceff0000 - 0x00007ffbceff9000 	C:\WINDOWS\SYSTEM32\WSOCK32.dll
0x00007ffbbbeb0000 - 0x00007ffbbbed7000 	C:\WINDOWS\SYSTEM32\WINMM.dll
0x00007ffbcfb00000 - 0x00007ffbcfb0a000 	C:\WINDOWS\SYSTEM32\VERSION.dll
0x00007ffbe10f0000 - 0x00007ffbe115b000 	C:\WINDOWS\System32\WS2_32.dll
0x00007ffbdd3e0000 - 0x00007ffbdd3f2000 	C:\WINDOWS\SYSTEM32\kernel.appcore.dll
0x00007ffbd86d0000 - 0x00007ffbd86e1000 	D:\itapp\idea\IntelliJ IDEA 2020.1.3\jbr\bin\verify.dll
0x00007ffbdc910000 - 0x00007ffbdcaf4000 	C:\WINDOWS\SYSTEM32\DBGHELP.DLL
0x00007ffbcf8d0000 - 0x00007ffbcf8fc000 	C:\WINDOWS\SYSTEM32\dbgcore.DLL
0x00007ffbdebf0000 - 0x00007ffbdec73000 	C:\WINDOWS\System32\bcryptPrimitives.dll
0x00007ffbd8000000 - 0x00007ffbd8029000 	D:\itapp\idea\IntelliJ IDEA 2020.1.3\jbr\bin\java.dll
0x00007ffbd7fc0000 - 0x00007ffbd7fd8000 	D:\itapp\idea\IntelliJ IDEA 2020.1.3\jbr\bin\zip.dll
0x00007ffbd7e20000 - 0x00007ffbd7e2b000 	D:\itapp\idea\IntelliJ IDEA 2020.1.3\jbr\bin\jimage.dll

dbghelp: loaded successfully - version: 4.0.5 - missing functions: none
symbol engine: initialized successfully - sym options: 0x614 - pdb path: .;D:\itapp\idea\IntelliJ IDEA 2020.1.3\jbr\bin;C:\WINDOWS\SYSTEM32;C:\WINDOWS\WinSxS\amd64_microsoft.windows.common-controls_6595b64144ccf1df_6.0.19041.1110_none_60b5254171f9507e;D:\itapp\idea\IntelliJ IDEA 2020.1.3\jbr\bin\server

VM Arguments:
java_command: org.jetbrains.git4idea.http.GitAskPassApp Username for 'https://gitee.com': 
java_class_path (initial): D:/itapp/idea/IntelliJ IDEA 2020.1.3/plugins/git4idea/lib/git4idea-rt.jar;D:/itapp/idea/IntelliJ IDEA 2020.1.3/lib/xmlrpc-2.0.1.jar;D:/itapp/idea/IntelliJ IDEA 2020.1.3/lib/commons-codec-1.14.jar;D:/itapp/idea/IntelliJ IDEA 2020.1.3/lib/util.jar
Launcher Type: SUN_STANDARD

[Global flags]
     intx CICompilerCount                          = 4                                         {product} {ergonomic}
     uint ConcGCThreads                            = 3                                         {product} {ergonomic}
     uint G1ConcRefinementThreads                  = 10                                        {product} {ergonomic}
   size_t G1HeapRegionSize                         = 1048576                                   {product} {ergonomic}
    uintx GCDrainStackTargetSize                   = 64                                        {product} {ergonomic}
   size_t InitialHeapSize                          = 266338304                                 {product} {ergonomic}
   size_t MarkStackSize                            = 4194304                                   {product} {ergonomic}
   size_t MaxHeapSize                              = 4261412864                                {product} {ergonomic}
   size_t MinHeapDeltaBytes                        = 1048576                                   {product} {ergonomic}
    uintx NonNMethodCodeHeapSize                   = 5836300                                {pd product} {ergonomic}
    uintx NonProfiledCodeHeapSize                  = 122910970                              {pd product} {ergonomic}
    uintx ProfiledCodeHeapSize                     = 122910970                              {pd product} {ergonomic}
    uintx ReservedCodeCacheSize                    = 251658240                              {pd product} {ergonomic}
     bool SegmentedCodeCache                       = true                                      {product} {ergonomic}
     bool UseCompressedClassPointers               = true                                 {lp64_product} {ergonomic}
     bool UseCompressedOops                        = true                                 {lp64_product} {ergonomic}
     bool UseG1GC                                  = true                                      {product} {ergonomic}
     bool UseLargePagesIndividualAllocation        = false                                  {pd product} {ergonomic}

Logging:
Log output configuration:
 #0: stdout all=warning uptime,level,tags
 #1: stderr all=off uptime,level,tags

Environment Variables:
JAVA_HOME=C:\Program Files\Java\jdk1.8.0_211
CLASSPATH=.
PATH=D:\itapp\git\Git\mingw64\libexec\git-core;D:\itapp\git\Git\mingw64\libexec\git-core;D:\itapp\git\Git\mingw64\bin;D:\itapp\git\Git\usr\bin;C:\Users\xinpi\bin;C:\WINDOWS\system32;C:\WINDOWS;C:\WINDOWS\System32\Wbem;C:\WINDOWS\System32\WindowsPowerShell\v1.0;C:\WINDOWS\System32\OpenSSH;D:\itapp\nodejs\node_global;D:\itapp\redis;D:\itapp\consul;D:\itapp\mysql\mysql-5.7.20-winx64\bin;C:\Program Files\Java\jdk1.8.0_211\bin;D:\itapp\git\Git\cmd;D:\itapp\erlang\erl-23.0\bin;C:\Program Files\Docker\Docker\resources\bin;C:\ProgramData\DockerDesktop\version-bin;D:\itapp\nodejs;D:\itapp\grade\gradle-5.6.4\bin;D:\itapp\xshell;D:\HashiCorp\Vagrant\bin;D:\itapp\python3.9.6\Scripts;D:\itapp\python3.9.6;C:\Users\xinpi\AppData\Local\Microsoft\WindowsApps;D:\itapp\vscode\Microsoft VS Code\bin;D:\itapp\idea\IntelliJ IDEA 2020.1.3\bin;C:\Users\xinpi\AppData\Roaming\npm;D:\itapp\pycharm\PyCharm 2021.2\bin
USERNAME=xinpi
DISPLAY=:0.0
OS=Windows_NT
PROCESSOR_IDENTIFIER=Intel64 Family 6 Model 158 Stepping 10, GenuineIntel



---------------  S Y S T E M  ---------------

OS: Windows 10 , 64 bit Build 19041 (10.0.19041.1202)
OS uptime: 2 days 0:40 hours

CPU:total 12 (initial active 12) (6 cores per cpu, 2 threads per core) family 6 model 158 stepping 10, cmov, cx8, fxsr, mmx, sse, sse2, sse3, ssse3, sse4.1, sse4.2, popcnt, avx, avx2, aes, clmul, erms, 3dnowpref, lzcnt, ht, tsc, tscinvbit, bmi1, bmi2, adx, fma

Memory: 4k page, system-wide physical 16255M (2694M free)
TotalPageFile size 28905M (AvailPageFile size 97M)
current process WorkingSet (physical memory assigned to process): 11M, peak: 11M
current process commit charge ("private bytes"): 64M, peak: 318M

vm_info: OpenJDK 64-Bit Server VM (11.0.7+10-b765.64) for windows-amd64 JRE (11.0.7+10-b765.64), built on Jun 22 2020 14:48:21 by "" with MS VC++ 14.0 (VS2015)

END.
