#
# There is insufficient memory for the Java Runtime Environment to continue.
# Native memory allocation (malloc) failed to allocate 32744 bytes for ChunkPool::allocate
# Possible reasons:
#   The system is out of physical RAM or swap space
#   The process is running with CompressedOops enabled, and the Java Heap may be blocking the growth of the native heap
# Possible solutions:
#   Reduce memory load on the system
#   Increase physical memory or swap space
#   Check if swap backing store is full
#   Decrease Java heap size (-Xmx/-Xms)
#   Decrease number of Java threads
#   Decrease Java thread stack sizes (-Xss)
#   Set larger code cache with -XX:ReservedCodeCacheSize=
#   JVM is running with Zero Based Compressed Oops mode in which the Java heap is
#     placed in the first 32GB address space. The Java Heap base address is the
#     maximum limit for the native heap growth. Please use -XX:HeapBaseMinAddress
#     to set the Java Heap base and to place the Java Heap above 32GB virtual address.
# This output file may be truncated or incomplete.
#
#  Out of Memory Error (allocation.cpp:272), pid=17180, tid=0x0000000000001b68
#
# JRE version: Java(TM) SE Runtime Environment (8.0_211-b12) (build 1.8.0_211-b12)
# Java VM: Java HotSpot(TM) 64-Bit Server VM (25.211-b12 mixed mode windows-amd64 compressed oops)
# Failed to write core dump. Minidumps are not enabled by default on client versions of Windows
#

---------------  T H R E A D  ---------------

Current thread (0x000000002057a000):  JavaThread "C1 CompilerThread3" daemon [_thread_in_native, id=7016, stack(0x0000000021950000,0x0000000021a50000)]

Stack: [0x0000000021950000,0x0000000021a50000]
[error occurred during error reporting (printing stack bounds), id 0xc0000005]

Native frames: (J=compiled Java code, j=interpreted, Vv=VM code, C=native code)


Current CompileTask:
C1:  13596 5720   !   1       org.springframework.beans.factory.support.ConstructorResolver::instantiateUsingFactoryMethod (1488 bytes)


---------------  P R O C E S S  ---------------

Java Threads: ( => current thread )
  0x0000000023b16000 JavaThread "AsyncReporter{org.springframework.cloud.sleuth.zipkin2.sender.RestTemplateSender@6c8d8b60}" daemon [_thread_blocked, id=21832, stack(0x0000000022a00000,0x0000000022b00000)]
  0x0000000020fd8800 JavaThread "Keep-Alive-Timer" daemon [_thread_blocked, id=6072, stack(0x0000000024ad0000,0x0000000024bd0000)]
  0x0000000023367000 JavaThread "spring.cloud.inetutils" daemon [_thread_in_native, id=21592, stack(0x00000000249d0000,0x0000000024ad0000)]
  0x0000000023311800 JavaThread "catalogWatchTaskScheduler-1" [_thread_in_native, id=19924, stack(0x00000000245d0000,0x00000000246d0000)]
  0x0000000023239800 JavaThread "spring.cloud.inetutils" daemon [_thread_in_native, id=7192, stack(0x0000000022200000,0x0000000022300000)]
  0x000000001fee0000 JavaThread "RMI Scheduler(0)" daemon [_thread_blocked, id=20936, stack(0x0000000022900000,0x0000000022a00000)]
  0x000000001fe3e800 JavaThread "RMI TCP Connection(1)-192.168.72.1" daemon [_thread_in_native, id=20832, stack(0x0000000022800000,0x0000000022900000)]
  0x00000000208e6800 JavaThread "RMI TCP Accept-0" daemon [_thread_in_native, id=7172, stack(0x0000000021b50000,0x0000000021c50000)]
  0x00000000206b5800 JavaThread "Service Thread" daemon [_thread_blocked, id=7180, stack(0x0000000021a50000,0x0000000021b50000)]
=>0x000000002057a000 JavaThread "C1 CompilerThread3" daemon [_thread_in_native, id=7016, stack(0x0000000021950000,0x0000000021a50000)]
  0x0000000020548800 JavaThread "C2 CompilerThread2" daemon [_thread_blocked, id=22256, stack(0x0000000021850000,0x0000000021950000)]
  0x0000000020546000 JavaThread "C2 CompilerThread1" daemon [_thread_blocked, id=9484, stack(0x0000000021750000,0x0000000021850000)]
  0x0000000020543000 JavaThread "C2 CompilerThread0" daemon [_thread_blocked, id=18872, stack(0x0000000021650000,0x0000000021750000)]
  0x00000000205fe800 JavaThread "Monitor Ctrl-Break" daemon [_thread_in_native, id=20648, stack(0x0000000021550000,0x0000000021650000)]
  0x000000001e894800 JavaThread "Attach Listener" daemon [_thread_blocked, id=20140, stack(0x000000001fc80000,0x000000001fd80000)]
  0x000000001e83f800 JavaThread "Signal Dispatcher" daemon [_thread_blocked, id=10888, stack(0x000000001fb80000,0x000000001fc80000)]
  0x000000001d149000 JavaThread "Finalizer" daemon [_thread_blocked, id=17936, stack(0x000000001fa80000,0x000000001fb80000)]
  0x000000001e813000 JavaThread "Reference Handler" daemon [_thread_blocked, id=19748, stack(0x000000001f980000,0x000000001fa80000)]
  0x000000000325d000 JavaThread "main" [_thread_in_vm, id=21692, stack(0x0000000003140000,0x0000000003240000)]

Other Threads:
  0x000000001e7f2800 VMThread [stack: 0x000000001f880000,0x000000001f980000] [id=3300]
  0x00000000208ef800 WatcherThread [stack: 0x0000000021c50000,0x0000000021d50000] [id=22148]

VM state:not at safepoint (normal execution)

VM Mutex/Monitor currently owned by a thread: None

heap address: 0x00000006c2000000, size: 4064 MB, Compressed Oops mode: Zero based, Oop shift amount: 3
Narrow klass base: 0x0000000000000000, Narrow klass shift: 3
Compressed class space size: 1073741824 Address: 0x00000007c0000000

Heap:
 PSYoungGen      total 274432K, used 200011K [0x000000076b580000, 0x000000077fc00000, 0x00000007c0000000)
  eden space 259072K, 71% used [0x000000076b580000,0x0000000776b348c0,0x000000077b280000)
  from space 15360K, 90% used [0x000000077b280000,0x000000077c01e6b0,0x000000077c180000)
  to   space 16896K, 0% used [0x000000077eb80000,0x000000077eb80000,0x000000077fc00000)
 ParOldGen       total 105472K, used 34396K [0x00000006c2000000, 0x00000006c8700000, 0x000000076b580000)
  object space 105472K, 32% used [0x00000006c2000000,0x00000006c4197190,0x00000006c8700000)
 Metaspace       used 51536K, capacity 53649K, committed 53888K, reserved 1095680K
  class space    used 7030K, capacity 7417K, committed 7552K, reserved 1048576K

Card table byte_map: [0x0000000012910000,0x0000000013110000] byte_map_base: 0x000000000f300000

Marking Bits: (ParMarkBitMap*) 0x0000000071165ce0
 Begin Bits: [0x0000000014060000, 0x0000000017fe0000)
 End Bits:   [0x0000000017fe0000, 0x000000001bf60000)

Polling page: 0x0000000000e70000

CodeCache: size=245760Kb used=11336Kb max_used=11336Kb free=234423Kb
 bounds [0x0000000003550000, 0x0000000004070000, 0x0000000012550000]
 total_blobs=6150 nmethods=5641 adapters=420
 compilation: enabled

Compilation events (10 events):
Event: 13.579 Thread 0x000000002057a000 nmethod 5715 0x0000000004061210 code [0x0000000004061360, 0x00000000040614d0]
Event: 13.579 Thread 0x000000002057a000 5716       1       org.springframework.beans.factory.annotation.QualifierAnnotationAutowireCandidateResolver::findValue (29 bytes)
Event: 13.579 Thread 0x000000002057a000 nmethod 5716 0x0000000004061550 code [0x0000000004061700, 0x0000000004061b88]
Event: 13.584 Thread 0x000000002057a000 5717   !   1       com.sun.proxy.$Proxy6::annotationType (29 bytes)
Event: 13.584 Thread 0x000000002057a000 nmethod 5717 0x0000000004061ed0 code [0x0000000004062040, 0x00000000040622b8]
Event: 13.587 Thread 0x000000002057a000 5718       1       org.springframework.beans.factory.support.AbstractBeanFactory::registerDisposableBeanIfNecessary (146 bytes)
Event: 13.587 Thread 0x000000002057a000 nmethod 5718 0x0000000004062410 code [0x0000000004062660, 0x0000000004063038]
Event: 13.587 Thread 0x000000002057a000 5719       1       org.springframework.beans.factory.support.AbstractBeanDefinition::isPrototype (10 bytes)
Event: 13.587 Thread 0x000000002057a000 nmethod 5719 0x00000000040636d0 code [0x0000000004063820, 0x0000000004063968]
Event: 13.590 Thread 0x000000002057a000 5720   !   1       org.springframework.beans.factory.support.ConstructorResolver::instantiateUsingFactoryMethod (1488 bytes)

GC Heap History (10 events):
Event: 9.903 GC heap before
{Heap before GC invocations=12 (full 2):
 PSYoungGen      total 186368K, used 171008K [0x000000076b580000, 0x000000077d100000, 0x00000007c0000000)
  eden space 171008K, 100% used [0x000000076b580000,0x0000000775c80000,0x0000000775c80000)
  from space 15360K, 0% used [0x0000000775c80000,0x0000000775c80000,0x0000000776b80000)
  to   space 15872K, 0% used [0x000000077c180000,0x000000077c180000,0x000000077d100000)
 ParOldGen       total 105472K, used 19435K [0x00000006c2000000, 0x00000006c8700000, 0x000000076b580000)
  object space 105472K, 18% used [0x00000006c2000000,0x00000006c32fad68,0x00000006c8700000)
 Metaspace       used 36299K, capacity 37723K, committed 37760K, reserved 1081344K
  class space    used 4933K, capacity 5236K, committed 5248K, reserved 1048576K
Event: 9.909 GC heap after
Heap after GC invocations=12 (full 2):
 PSYoungGen      total 267264K, used 8139K [0x000000076b580000, 0x000000077cd00000, 0x00000007c0000000)
  eden space 255488K, 0% used [0x000000076b580000,0x000000076b580000,0x000000077af00000)
  from space 11776K, 69% used [0x000000077c180000,0x000000077c972c98,0x000000077cd00000)
  to   space 15360K, 0% used [0x000000077af00000,0x000000077af00000,0x000000077be00000)
 ParOldGen       total 105472K, used 19443K [0x00000006c2000000, 0x00000006c8700000, 0x000000076b580000)
  object space 105472K, 18% used [0x00000006c2000000,0x00000006c32fcd68,0x00000006c8700000)
 Metaspace       used 36299K, capacity 37723K, committed 37760K, reserved 1081344K
  class space    used 4933K, capacity 5236K, committed 5248K, reserved 1048576K
}
Event: 10.281 GC heap before
{Heap before GC invocations=13 (full 2):
 PSYoungGen      total 267264K, used 112231K [0x000000076b580000, 0x000000077cd00000, 0x00000007c0000000)
  eden space 255488K, 40% used [0x000000076b580000,0x0000000771b27250,0x000000077af00000)
  from space 11776K, 69% used [0x000000077c180000,0x000000077c972c98,0x000000077cd00000)
  to   space 15360K, 0% used [0x000000077af00000,0x000000077af00000,0x000000077be00000)
 ParOldGen       total 105472K, used 19443K [0x00000006c2000000, 0x00000006c8700000, 0x000000076b580000)
  object space 105472K, 18% used [0x00000006c2000000,0x00000006c32fcd68,0x00000006c8700000)
 Metaspace       used 37910K, capacity 39347K, committed 39552K, reserved 1083392K
  class space    used 5203K, capacity 5486K, committed 5504K, reserved 1048576K
Event: 10.287 GC heap after
Heap after GC invocations=13 (full 2):
 PSYoungGen      total 270848K, used 9073K [0x000000076b580000, 0x000000077cd00000, 0x00000007c0000000)
  eden space 255488K, 0% used [0x000000076b580000,0x000000076b580000,0x000000077af00000)
  from space 15360K, 59% used [0x000000077af00000,0x000000077b7dc7e0,0x000000077be00000)
  to   space 11776K, 0% used [0x000000077c180000,0x000000077c180000,0x000000077cd00000)
 ParOldGen       total 105472K, used 19443K [0x00000006c2000000, 0x00000006c8700000, 0x000000076b580000)
  object space 105472K, 18% used [0x00000006c2000000,0x00000006c32fcd68,0x00000006c8700000)
 Metaspace       used 37910K, capacity 39347K, committed 39552K, reserved 1083392K
  class space    used 5203K, capacity 5486K, committed 5504K, reserved 1048576K
}
Event: 10.287 GC heap before
{Heap before GC invocations=14 (full 3):
 PSYoungGen      total 270848K, used 9073K [0x000000076b580000, 0x000000077cd00000, 0x00000007c0000000)
  eden space 255488K, 0% used [0x000000076b580000,0x000000076b580000,0x000000077af00000)
  from space 15360K, 59% used [0x000000077af00000,0x000000077b7dc7e0,0x000000077be00000)
  to   space 11776K, 0% used [0x000000077c180000,0x000000077c180000,0x000000077cd00000)
 ParOldGen       total 105472K, used 19443K [0x00000006c2000000, 0x00000006c8700000, 0x000000076b580000)
  object space 105472K, 18% used [0x00000006c2000000,0x00000006c32fcd68,0x00000006c8700000)
 Metaspace       used 37910K, capacity 39347K, committed 39552K, reserved 1083392K
  class space    used 5203K, capacity 5486K, committed 5504K, reserved 1048576K
Event: 10.477 GC heap after
Heap after GC invocations=14 (full 3):
 PSYoungGen      total 270848K, used 0K [0x000000076b580000, 0x000000077cd00000, 0x00000007c0000000)
  eden space 255488K, 0% used [0x000000076b580000,0x000000076b580000,0x000000077af00000)
  from space 15360K, 0% used [0x000000077af00000,0x000000077af00000,0x000000077be00000)
  to   space 11776K, 0% used [0x000000077c180000,0x000000077c180000,0x000000077cd00000)
 ParOldGen       total 105472K, used 26526K [0x00000006c2000000, 0x00000006c8700000, 0x000000076b580000)
  object space 105472K, 25% used [0x00000006c2000000,0x00000006c39e7b48,0x00000006c8700000)
 Metaspace       used 37910K, capacity 39347K, committed 39552K, reserved 1083392K
  class space    used 5203K, capacity 5486K, committed 5504K, reserved 1048576K
}
Event: 11.518 GC heap before
{Heap before GC invocations=15 (full 3):
 PSYoungGen      total 270848K, used 255488K [0x000000076b580000, 0x000000077cd00000, 0x00000007c0000000)
  eden space 255488K, 100% used [0x000000076b580000,0x000000077af00000,0x000000077af00000)
  from space 15360K, 0% used [0x000000077af00000,0x000000077af00000,0x000000077be00000)
  to   space 11776K, 0% used [0x000000077c180000,0x000000077c180000,0x000000077cd00000)
 ParOldGen       total 105472K, used 26526K [0x00000006c2000000, 0x00000006c8700000, 0x000000076b580000)
  object space 105472K, 25% used [0x00000006c2000000,0x00000006c39e7b48,0x00000006c8700000)
 Metaspace       used 44226K, capacity 45909K, committed 46208K, reserved 1089536K
  class space    used 6038K, capacity 6401K, committed 6528K, reserved 1048576K
Event: 11.528 GC heap after
Heap after GC invocations=15 (full 3):
 PSYoungGen      total 270848K, used 11759K [0x000000076b580000, 0x000000077fb00000, 0x00000007c0000000)
  eden space 259072K, 0% used [0x000000076b580000,0x000000076b580000,0x000000077b280000)
  from space 11776K, 99% used [0x000000077c180000,0x000000077ccfbc40,0x000000077cd00000)
  to   space 15360K, 0% used [0x000000077b280000,0x000000077b280000,0x000000077c180000)
 ParOldGen       total 105472K, used 27235K [0x00000006c2000000, 0x00000006c8700000, 0x000000076b580000)
  object space 105472K, 25% used [0x00000006c2000000,0x00000006c3a98e08,0x00000006c8700000)
 Metaspace       used 44226K, capacity 45909K, committed 46208K, reserved 1089536K
  class space    used 6038K, capacity 6401K, committed 6528K, reserved 1048576K
}
Event: 12.652 GC heap before
{Heap before GC invocations=16 (full 3):
 PSYoungGen      total 270848K, used 270831K [0x000000076b580000, 0x000000077fb00000, 0x00000007c0000000)
  eden space 259072K, 100% used [0x000000076b580000,0x000000077b280000,0x000000077b280000)
  from space 11776K, 99% used [0x000000077c180000,0x000000077ccfbc40,0x000000077cd00000)
  to   space 15360K, 0% used [0x000000077b280000,0x000000077b280000,0x000000077c180000)
 ParOldGen       total 105472K, used 27235K [0x00000006c2000000, 0x00000006c8700000, 0x000000076b580000)
  object space 105472K, 25% used [0x00000006c2000000,0x00000006c3a98e08,0x00000006c8700000)
 Metaspace       used 49578K, capacity 51551K, committed 51712K, reserved 1093632K
  class space    used 6743K, capacity 7128K, committed 7168K, reserved 1048576K
Event: 12.661 GC heap after
Heap after GC invocations=16 (full 3):
 PSYoungGen      total 274432K, used 13945K [0x000000076b580000, 0x000000077fc00000, 0x00000007c0000000)
  eden space 259072K, 0% used [0x000000076b580000,0x000000076b580000,0x000000077b280000)
  from space 15360K, 90% used [0x000000077b280000,0x000000077c01e6b0,0x000000077c180000)
  to   space 16896K, 0% used [0x000000077eb80000,0x000000077eb80000,0x000000077fc00000)
 ParOldGen       total 105472K, used 34396K [0x00000006c2000000, 0x00000006c8700000, 0x000000076b580000)
  object space 105472K, 32% used [0x00000006c2000000,0x00000006c4197190,0x00000006c8700000)
 Metaspace       used 49578K, capacity 51551K, committed 51712K, reserved 1093632K
  class space    used 6743K, capacity 7128K, committed 7168K, reserved 1048576K
}

Deoptimization events (0 events):
No events

Classes redefined (0 events):
No events

Internal exceptions (10 events):
Event: 13.549 Thread 0x000000000325d000 Exception <a 'java/lang/ArrayIndexOutOfBoundsException'> (0x0000000775e6b7a8) thrown at [C:\re\workspace\8-2-build-windows-amd64-cygwin\jdk8u211\12973\hotspot\src\share\vm\runtime\sharedRuntime.cpp, line 605]
Event: 13.549 Thread 0x000000000325d000 Exception <a 'java/lang/ArrayIndexOutOfBoundsException'> (0x0000000775e6e138) thrown at [C:\re\workspace\8-2-build-windows-amd64-cygwin\jdk8u211\12973\hotspot\src\share\vm\runtime\sharedRuntime.cpp, line 605]
Event: 13.549 Thread 0x000000000325d000 Exception <a 'java/lang/ArrayIndexOutOfBoundsException'> (0x0000000775e71118) thrown at [C:\re\workspace\8-2-build-windows-amd64-cygwin\jdk8u211\12973\hotspot\src\share\vm\runtime\sharedRuntime.cpp, line 605]
Event: 13.549 Thread 0x000000000325d000 Exception <a 'java/lang/ArrayIndexOutOfBoundsException'> (0x0000000775e732b0) thrown at [C:\re\workspace\8-2-build-windows-amd64-cygwin\jdk8u211\12973\hotspot\src\share\vm\runtime\sharedRuntime.cpp, line 605]
Event: 13.549 Thread 0x000000000325d000 Exception <a 'java/lang/ArrayIndexOutOfBoundsException'> (0x0000000775e763f0) thrown at [C:\re\workspace\8-2-build-windows-amd64-cygwin\jdk8u211\12973\hotspot\src\share\vm\runtime\sharedRuntime.cpp, line 605]
Event: 13.549 Thread 0x000000000325d000 Exception <a 'java/lang/ArrayIndexOutOfBoundsException'> (0x0000000775e782f0) thrown at [C:\re\workspace\8-2-build-windows-amd64-cygwin\jdk8u211\12973\hotspot\src\share\vm\runtime\sharedRuntime.cpp, line 605]
Event: 13.558 Thread 0x000000000325d000 Exception <a 'java/lang/ArrayIndexOutOfBoundsException'> (0x0000000775f39d58) thrown at [C:\re\workspace\8-2-build-windows-amd64-cygwin\jdk8u211\12973\hotspot\src\share\vm\runtime\sharedRuntime.cpp, line 605]
Event: 13.565 Thread 0x000000000325d000 Exception <a 'java/lang/ArrayIndexOutOfBoundsException'> (0x00000007760dc948) thrown at [C:\re\workspace\8-2-build-windows-amd64-cygwin\jdk8u211\12973\hotspot\src\share\vm\runtime\sharedRuntime.cpp, line 605]
Event: 13.595 Thread 0x000000000325d000 Exception <a 'java/lang/ArrayIndexOutOfBoundsException'> (0x000000077675ea08) thrown at [C:\re\workspace\8-2-build-windows-amd64-cygwin\jdk8u211\12973\hotspot\src\share\vm\runtime\sharedRuntime.cpp, line 605]
Event: 13.595 Thread 0x000000000325d000 Exception <a 'java/lang/ArrayIndexOutOfBoundsException'> (0x0000000776761160) thrown at [C:\re\workspace\8-2-build-windows-amd64-cygwin\jdk8u211\12973\hotspot\src\share\vm\runtime\sharedRuntime.cpp, line 605]

Events (10 events):
Event: 13.583 loading class org/springframework/boot/actuate/autoconfigure/endpoint/web/MappingWebEndpointPathMapper
Event: 13.583 loading class org/springframework/boot/actuate/autoconfigure/endpoint/web/MappingWebEndpointPathMapper done
Event: 13.593 loading class org/springframework/boot/actuate/autoconfigure/endpoint/EndpointIdTimeToLivePropertyFunction
Event: 13.593 loading class org/springframework/boot/actuate/autoconfigure/endpoint/EndpointIdTimeToLivePropertyFunction done
Event: 13.594 loading class org/springframework/boot/actuate/endpoint/OperationType
Event: 13.594 loading class org/springframework/boot/actuate/endpoint/OperationType done
Event: 13.594 loading class org/springframework/boot/actuate/endpoint/invoke/OperationParameters
Event: 13.594 loading class org/springframework/boot/actuate/endpoint/invoke/OperationParameters done
Event: 13.594 loading class org/springframework/boot/actuate/endpoint/invoke/OperationInvoker
Event: 13.594 loading class org/springframework/boot/actuate/endpoint/invoke/OperationInvoker done


Dynamic libraries:
0x00007ff78cca0000 - 0x00007ff78ccd7000 	C:\Program Files\Java\jdk1.8.0_211\bin\java.exe
0x00007fff936b0000 - 0x00007fff938a5000 	C:\WINDOWS\SYSTEM32\ntdll.dll
0x00007fff92bb0000 - 0x00007fff92c6d000 	C:\WINDOWS\System32\KERNEL32.DLL
0x00007fff91160000 - 0x00007fff91428000 	C:\WINDOWS\System32\KERNELBASE.dll
0x00007fff92a20000 - 0x00007fff92acc000 	C:\WINDOWS\System32\ADVAPI32.dll
0x00007fff91ba0000 - 0x00007fff91c3e000 	C:\WINDOWS\System32\msvcrt.dll
0x00007fff93520000 - 0x00007fff935bb000 	C:\WINDOWS\System32\sechost.dll
0x00007fff92800000 - 0x00007fff9292b000 	C:\WINDOWS\System32\RPCRT4.dll
0x00007fff92470000 - 0x00007fff92610000 	C:\WINDOWS\System32\USER32.dll
0x00007fff90f20000 - 0x00007fff90f42000 	C:\WINDOWS\System32\win32u.dll
0x00007fff92990000 - 0x00007fff929ba000 	C:\WINDOWS\System32\GDI32.dll
0x00007fff91050000 - 0x00007fff9115b000 	C:\WINDOWS\System32\gdi32full.dll
0x00007fff914c0000 - 0x00007fff9155d000 	C:\WINDOWS\System32\msvcp_win.dll
0x00007fff90f50000 - 0x00007fff91050000 	C:\WINDOWS\System32\ucrtbase.dll
0x00007fff7ae80000 - 0x00007fff7b11a000 	C:\WINDOWS\WinSxS\amd64_microsoft.windows.common-controls_6595b64144ccf1df_6.0.19041.844_none_ca00b6081b84eb1d\COMCTL32.dll
0x00007fff92cf0000 - 0x00007fff92d20000 	C:\WINDOWS\System32\IMM32.DLL
0x00000000711f0000 - 0x00000000712c2000 	C:\Program Files\Java\jdk1.8.0_211\jre\bin\msvcr100.dll
0x0000000070940000 - 0x00000000711e5000 	C:\Program Files\Java\jdk1.8.0_211\jre\bin\server\jvm.dll
0x00007fff93510000 - 0x00007fff93518000 	C:\WINDOWS\System32\PSAPI.DLL
0x00007fff7fda0000 - 0x00007fff7fdc7000 	C:\WINDOWS\SYSTEM32\WINMM.dll
0x00007fff80d90000 - 0x00007fff80d99000 	C:\WINDOWS\SYSTEM32\WSOCK32.dll
0x00007fff86370000 - 0x00007fff8637a000 	C:\WINDOWS\SYSTEM32\VERSION.dll
0x00007fff92db0000 - 0x00007fff92e1b000 	C:\WINDOWS\System32\WS2_32.dll
0x00007fff80d10000 - 0x00007fff80d1f000 	C:\Program Files\Java\jdk1.8.0_211\jre\bin\verify.dll
0x00007fff53ef0000 - 0x00007fff53f19000 	C:\Program Files\Java\jdk1.8.0_211\jre\bin\java.dll
0x00007fff7d4a0000 - 0x00007fff7d4c3000 	C:\Program Files\Java\jdk1.8.0_211\jre\bin\instrument.dll
0x00007fff80a60000 - 0x00007fff80a76000 	C:\Program Files\Java\jdk1.8.0_211\jre\bin\zip.dll
0x00007fff91d20000 - 0x00007fff92462000 	C:\WINDOWS\System32\SHELL32.dll
0x00007fff8ec40000 - 0x00007fff8f3d0000 	C:\WINDOWS\SYSTEM32\windows.storage.dll
0x00007fff931b0000 - 0x00007fff93505000 	C:\WINDOWS\System32\combase.dll
0x00007fff90860000 - 0x00007fff9088c000 	C:\WINDOWS\SYSTEM32\Wldp.dll
0x00007fff935c0000 - 0x00007fff9366e000 	C:\WINDOWS\System32\SHCORE.dll
0x00007fff92f40000 - 0x00007fff92f95000 	C:\WINDOWS\System32\shlwapi.dll
0x00007fff90d30000 - 0x00007fff90d4f000 	C:\WINDOWS\SYSTEM32\profapi.dll
0x00007fff81e00000 - 0x00007fff81e1a000 	D:\itapp\idea\IntelliJ IDEA 2020.1.3\bin\breakgen64.dll
0x00007fff53ed0000 - 0x00007fff53eea000 	C:\Program Files\Java\jdk1.8.0_211\jre\bin\net.dll
0x00007fff7b9c0000 - 0x00007fff7bbae000 	C:\WINDOWS\SYSTEM32\urlmon.dll
0x00007fff7b290000 - 0x00007fff7b540000 	C:\WINDOWS\SYSTEM32\iertutil.dll
0x00007fff905d0000 - 0x00007fff9063a000 	C:\WINDOWS\system32\mswsock.dll
0x00007fff902b0000 - 0x00007fff9037c000 	C:\WINDOWS\SYSTEM32\DNSAPI.dll
0x00007fff90270000 - 0x00007fff902ab000 	C:\WINDOWS\SYSTEM32\IPHLPAPI.DLL
0x00007fff927f0000 - 0x00007fff927f8000 	C:\WINDOWS\System32\NSI.dll
0x00007fff86540000 - 0x00007fff8654a000 	C:\Windows\System32\rasadhlp.dll
0x00007fff86400000 - 0x00007fff8647f000 	C:\WINDOWS\System32\fwpuclnt.dll
0x00007fff91490000 - 0x00007fff914b7000 	C:\WINDOWS\System32\bcrypt.dll
0x00007fff7f2a0000 - 0x00007fff7f2ad000 	C:\Program Files\Java\jdk1.8.0_211\jre\bin\management.dll
0x00007fff53be0000 - 0x00007fff53bf2000 	C:\Program Files\Java\jdk1.8.0_211\jre\bin\nio.dll
0x00007fff907b0000 - 0x00007fff907c8000 	C:\WINDOWS\SYSTEM32\CRYPTSP.dll
0x00007fff8ff00000 - 0x00007fff8ff34000 	C:\WINDOWS\system32\rsaenh.dll
0x00007fff90cb0000 - 0x00007fff90cde000 	C:\WINDOWS\SYSTEM32\USERENV.dll
0x00007fff90ea0000 - 0x00007fff90f20000 	C:\WINDOWS\System32\bcryptprimitives.dll
0x00007fff907a0000 - 0x00007fff907ac000 	C:\WINDOWS\SYSTEM32\CRYPTBASE.dll
0x00007fff87eb0000 - 0x00007fff87ec7000 	C:\WINDOWS\SYSTEM32\dhcpcsvc6.DLL
0x00007fff87db0000 - 0x00007fff87dcd000 	C:\WINDOWS\SYSTEM32\dhcpcsvc.DLL
0x00007fff78e30000 - 0x00007fff78e47000 	C:\WINDOWS\system32\napinsp.dll
0x00007fff78d30000 - 0x00007fff78d4b000 	C:\WINDOWS\system32\pnrpnsp.dll
0x00007fff8b670000 - 0x00007fff8b685000 	C:\WINDOWS\system32\wshbth.dll
0x00007fff89440000 - 0x00007fff8945d000 	C:\WINDOWS\system32\NLAapi.dll
0x00007fff78870000 - 0x00007fff78882000 	C:\WINDOWS\System32\winrnr.dll
0x00007fff53900000 - 0x00007fff53924000 	C:\Program Files\Java\jdk1.8.0_211\jre\bin\sunec.dll

VM Arguments:
jvm_args: -XX:TieredStopAtLevel=1 -Xverify:none -Dspring.output.ansi.enabled=always -Dcom.sun.management.jmxremote -Dspring.jmx.enabled=true -Dspring.liveBeansView.mbeanDomain -Dspring.application.admin.enabled=true -javaagent:D:\itapp\idea\IntelliJ IDEA 2020.1.3\lib\idea_rt.jar=59214:D:\itapp\idea\IntelliJ IDEA 2020.1.3\bin -Dfile.encoding=UTF-8 
java_command: com.laogeli.user.UserServiceApplication
java_class_path (initial): C:\Program Files\Java\jdk1.8.0_211\jre\lib\charsets.jar;C:\Program Files\Java\jdk1.8.0_211\jre\lib\deploy.jar;C:\Program Files\Java\jdk1.8.0_211\jre\lib\ext\access-bridge-64.jar;C:\Program Files\Java\jdk1.8.0_211\jre\lib\ext\cldrdata.jar;C:\Program Files\Java\jdk1.8.0_211\jre\lib\ext\dnsns.jar;C:\Program Files\Java\jdk1.8.0_211\jre\lib\ext\jaccess.jar;C:\Program Files\Java\jdk1.8.0_211\jre\lib\ext\jfxrt.jar;C:\Program Files\Java\jdk1.8.0_211\jre\lib\ext\localedata.jar;C:\Program Files\Java\jdk1.8.0_211\jre\lib\ext\nashorn.jar;C:\Program Files\Java\jdk1.8.0_211\jre\lib\ext\sunec.jar;C:\Program Files\Java\jdk1.8.0_211\jre\lib\ext\sunjce_provider.jar;C:\Program Files\Java\jdk1.8.0_211\jre\lib\ext\sunmscapi.jar;C:\Program Files\Java\jdk1.8.0_211\jre\lib\ext\sunpkcs11.jar;C:\Program Files\Java\jdk1.8.0_211\jre\lib\ext\zipfs.jar;C:\Program Files\Java\jdk1.8.0_211\jre\lib\javaws.jar;C:\Program Files\Java\jdk1.8.0_211\jre\lib\jce.jar;C:\Program Files\Java\jdk1.8.0_211\jre\lib\jfr.jar;C:\Program Files\Java\jdk1.8.0_211\jre\lib\jfxswt.jar;C:\Program Files\Java\jdk1.8.0_211\jre\lib\jsse.jar;C:\Program Files\Java\jdk1.8.0_211\jre\lib\management-agent.jar;C:\Program Files\Java\jdk1.8.0_211\jre\lib\plugin.jar;C:\Program Files\Java\jdk1.8.0_211\jre\lib\resources.jar;C:\Program Files\Java\jdk1.8.0_211\jre\lib\rt.jar;D:\itapp\idea\project\motorcade\modules\user-service-parent\user-service\target\classes;D:\itapp\idea\project\motorcade\common\common-security\target\classes;D:\itapp\maven\MavenHome\repository\org\springframework\boot\spring-boot-starter-security\2.1.3.RELEASE\spring-boot-starter-security-2.1.3.RELEASE.jar;D:\itapp\maven\MavenHome\repository\org\springframework\spring-aop\5.1.5.RELEASE\spring-aop-5.1.5.RELEASE.jar;D:\itapp\maven\MavenHome\repository\org\springframework\security\spring-security-config\5.1.4.RELEASE\spring-security-config-5.1.4.RELEASE.jar;D:\itapp\maven\MavenHome\repository\org\springframework\security\spring-security-core\5
Launcher Type: SUN_STANDARD

Environment Variables:
JAVA_HOME=C:\Program Files\Java\jdk1.8.0_211
CLASSPATH=.
PATH=D:\itapp\xshell\;C:\Program Files (x86)\Common Files\Oracle\Java\javapath;C:\WINDOWS\system32;C:\WINDOWS;C:\WINDOWS\System32\Wbem;C:\WINDOWS\System32\WindowsPowerShell\v1.0\;C:\WINDOWS\System32\OpenSSH\;D:\itapp\nodejs\node_global;D:\itapp\redis\;D:\itapp\consul;D:\itapp\mysql\mysql-5.7.20-winx64\bin;C:\Program Files\Java\jdk1.8.0_211\bin;D:\itapp\git\Git\cmd;D:\itapp\erlang\erl-23.0\bin;C:\Program Files\Docker\Docker\resources\bin;C:\ProgramData\DockerDesktop\version-bin;D:\itapp\nodejs\;D:\itapp\grade\gradle-5.6.4\bin;C:\Users\xinpi\AppData\Local\Microsoft\WindowsApps;;D:\itapp\vscode\Microsoft VS Code\bin;D:\itapp\idea\IntelliJ IDEA 2020.1.3\bin;;C:\Users\xinpi\AppData\Roaming\npm
USERNAME=xinpi
OS=Windows_NT
PROCESSOR_IDENTIFIER=Intel64 Family 6 Model 158 Stepping 10, GenuineIntel



---------------  S Y S T E M  ---------------

OS: Windows 10.0 , 64 bit Build 19041 (10.0.19041.928)

CPU:total 12 (initial active 12) (6 cores per cpu, 2 threads per core) family 6 model 158 stepping 10, cmov, cx8, fxsr, mmx, sse, sse2, sse3, ssse3, sse4.1, sse4.2, popcnt, avx, avx2, aes, clmul, erms, 3dnowpref, lzcnt, ht, tsc, tscinvbit, bmi1, bmi2, adx

Memory: 4k page, physical 16645364k(600740k free), swap 29598804k(4140k free)

vm_info: Java HotSpot(TM) 64-Bit Server VM (25.211-b12) for windows-amd64 JRE (1.8.0_211-b12), built on Apr  1 2019 20:53:26 by "java_re" with MS VC++ 10.0 (VS2010)

time: Wed May 19 17:04:39 2021
timezone: 中国标准时间
elapsed time: 13 seconds (0d 0h 0m 13s)

