#
# There is insufficient memory for the Java Runtime Environment to continue.
# Native memory allocation (mmap) failed to map 266338304 bytes for Failed to commit area from 0x0000000702000000 to 0x0000000711e00000 of length 266338304.
# Possible reasons:
#   The system is out of physical RAM or swap space
#   The process is running with CompressedOops enabled, and the Java Heap may be blocking the growth of the native heap
# Possible solutions:
#   Reduce memory load on the system
#   Increase physical memory or swap space
#   Check if swap backing store is full
#   Decrease Java heap size (-Xmx/-Xms)
#   Decrease number of Java threads
#   Decrease Java thread stack sizes (-Xss)
#   Set larger code cache with -XX:ReservedCodeCacheSize=
# This output file may be truncated or incomplete.
#
#  Out of Memory Error (./src/hotspot/os/windows/os_windows.cpp:3303), pid=7500, tid=21040
#
# JRE version:  (11.0.7+10) (build )
# Java VM: OpenJDK 64-Bit Server VM (11.0.7+10-b765.64, mixed mode, sharing, tiered, compressed oops, g1 gc, windows-amd64)
# No core dump will be written. Minidumps are not enabled by default on client versions of Windows
#

---------------  S U M M A R Y ------------

Command Line: org.jetbrains.git4idea.http.GitAskPassApp Username for 'https://gitee.com': 

Host: Intel(R) Core(TM) i7-9750H CPU @ 2.60GHz, 12 cores, 15G,  Windows 10 , 64 bit Build 18362 (10.0.18362.1110)
Time: Thu Nov  5 16:32:35 2020 ?D1¨²¡À¨º¡Á?¨º¡À?? elapsed time: 0 seconds (0d 0h 0m 0s)

---------------  T H R E A D  ---------------

Current thread (0x0000023d71d5a800):  JavaThread "Unknown thread" [_thread_in_vm, id=21040, stack(0x000000be0d200000,0x000000be0d300000)]

Stack: [0x000000be0d200000,0x000000be0d300000]
Native frames: (J=compiled Java code, j=interpreted, Vv=VM code, C=native code)
V  [jvm.dll+0x5dda4a]
V  [jvm.dll+0x711595]
V  [jvm.dll+0x712aed]
V  [jvm.dll+0x7131a3]
V  [jvm.dll+0x23e368]
V  [jvm.dll+0x5daf04]
V  [jvm.dll+0x5d0085]
V  [jvm.dll+0x2fb0cb]
V  [jvm.dll+0x2fb03a]
V  [jvm.dll+0x2faf12]
V  [jvm.dll+0x2ffdf6]
V  [jvm.dll+0x348393]
V  [jvm.dll+0x348a96]
V  [jvm.dll+0x348493]
V  [jvm.dll+0x2d59e8]
V  [jvm.dll+0x2d6b87]
V  [jvm.dll+0x6f04e7]
V  [jvm.dll+0x6f1cdc]
V  [jvm.dll+0x355909]
V  [jvm.dll+0x6d42ae]
V  [jvm.dll+0x3bda13]
V  [jvm.dll+0x3bfc51]
C  [jli.dll+0x5363]
C  [ucrtbase.dll+0x210b2]
C  [KERNEL32.DLL+0x17c24]
C  [ntdll.dll+0x6cea1]


---------------  P R O C E S S  ---------------

Threads class SMR info:
_java_thread_list=0x0000023d6fc44610, length=0, elements={
}

Java Threads: ( => current thread )

Other Threads:
  0x0000023d71d71800 GCTaskThread "GC Thread#0" [stack: 0x000000be0d300000,0x000000be0d400000] [id=2536]
  0x0000023d71dd2000 ConcurrentGCThread "G1 Main Marker" [stack: 0x000000be0d400000,0x000000be0d500000] [id=17544]
  0x0000023d71dd4800 ConcurrentGCThread "G1 Conc#0" [stack: 0x000000be0d500000,0x000000be0d600000] [id=20672]

[error occurred during error reporting (printing all threads), id 0xc0000005, EXCEPTION_ACCESS_VIOLATION (0xc0000005) at pc=0x00007ff87b515fc7]

VM state:not at safepoint (not fully initialized)

VM Mutex/Monitor currently owned by a thread:  ([mutex/lock_event])
[0x0000023d71d58b80] Heap_lock - owner thread: 0x0000023d71d5a800

Heap address: 0x0000000702000000, size: 4064 MB, Compressed Oops mode: Non-zero based: 0x0000000702000000
Narrow klass base: 0x0000000000000000, Narrow klass shift: 0

GC Heap History (0 events):
No events

Deoptimization events (0 events):
No events

Classes redefined (0 events):
No events

Internal exceptions (0 events):
No events

Events (2 events):
Event: 0.006 Loaded shared library D:\itapp\idea\IntelliJ IDEA 2020.1.3\jbr\bin\zip.dll
Event: 0.006 Loaded shared library D:\itapp\idea\IntelliJ IDEA 2020.1.3\jbr\bin\jimage.dll


Dynamic libraries:
0x00007ff732e70000 - 0x00007ff732e7a000 	D:\itapp\idea\IntelliJ IDEA 2020.1.3\jbr\bin\java.exe
0x00007ff8beae0000 - 0x00007ff8becd0000 	C:\WINDOWS\SYSTEM32\ntdll.dll
0x00007ff8be120000 - 0x00007ff8be1d2000 	C:\WINDOWS\System32\KERNEL32.DLL
0x00007ff8bbf40000 - 0x00007ff8bc1e5000 	C:\WINDOWS\System32\KERNELBASE.dll
0x00007ff8bbca0000 - 0x00007ff8bbd9a000 	C:\WINDOWS\System32\ucrtbase.dll
0x00007ff8b4d00000 - 0x00007ff8b4d19000 	D:\itapp\idea\IntelliJ IDEA 2020.1.3\jbr\bin\jli.dll
0x00007ff89a730000 - 0x00007ff89a747000 	D:\itapp\idea\IntelliJ IDEA 2020.1.3\jbr\bin\VCRUNTIME140.dll
0x00007ff8be900000 - 0x00007ff8bea94000 	C:\WINDOWS\System32\USER32.dll
0x00007ff8bc380000 - 0x00007ff8bc3a1000 	C:\WINDOWS\System32\win32u.dll
0x00007ff8a9bb0000 - 0x00007ff8a9e34000 	C:\WINDOWS\WinSxS\amd64_microsoft.windows.common-controls_6595b64144ccf1df_6.0.18362.1139_none_9e7bf2d3e4605ac6\COMCTL32.dll
0x00007ff8be8d0000 - 0x00007ff8be8f6000 	C:\WINDOWS\System32\GDI32.dll
0x00007ff8bcf60000 - 0x00007ff8bcffe000 	C:\WINDOWS\System32\msvcrt.dll
0x00007ff8bbda0000 - 0x00007ff8bbf36000 	C:\WINDOWS\System32\gdi32full.dll
0x00007ff8bc270000 - 0x00007ff8bc30e000 	C:\WINDOWS\System32\msvcp_win.dll
0x00007ff8bd0c0000 - 0x00007ff8bd3f5000 	C:\WINDOWS\System32\combase.dll
0x00007ff8bdff0000 - 0x00007ff8be110000 	C:\WINDOWS\System32\RPCRT4.dll
0x00007ff8bc1f0000 - 0x00007ff8bc270000 	C:\WINDOWS\System32\bcryptPrimitives.dll
0x00007ff8bd910000 - 0x00007ff8bd93e000 	C:\WINDOWS\System32\IMM32.DLL
0x00007ff882cb0000 - 0x00007ff882d4d000 	D:\itapp\idea\IntelliJ IDEA 2020.1.3\jbr\bin\msvcp140.dll
0x00007ff87b230000 - 0x00007ff87bceb000 	D:\itapp\idea\IntelliJ IDEA 2020.1.3\jbr\bin\server\jvm.dll
0x00007ff8bcc40000 - 0x00007ff8bcce3000 	C:\WINDOWS\System32\ADVAPI32.dll
0x00007ff8bceb0000 - 0x00007ff8bcf47000 	C:\WINDOWS\System32\sechost.dll
0x00007ff8be110000 - 0x00007ff8be118000 	C:\WINDOWS\System32\PSAPI.DLL
0x00007ff8b3b50000 - 0x00007ff8b3b5a000 	C:\WINDOWS\SYSTEM32\VERSION.dll
0x00007ff8b6990000 - 0x00007ff8b6999000 	C:\WINDOWS\SYSTEM32\WSOCK32.dll
0x00007ff8b1ce0000 - 0x00007ff8b1d04000 	C:\WINDOWS\SYSTEM32\WINMM.dll
0x00007ff8bd8a0000 - 0x00007ff8bd90f000 	C:\WINDOWS\System32\WS2_32.dll
0x00007ff8b1aa0000 - 0x00007ff8b1acd000 	C:\WINDOWS\SYSTEM32\WINMMBASE.dll
0x00007ff8bc310000 - 0x00007ff8bc35a000 	C:\WINDOWS\System32\cfgmgr32.dll
0x00007ff8bb9b0000 - 0x00007ff8bb9c1000 	C:\WINDOWS\System32\kernel.appcore.dll
0x00007ff8b6970000 - 0x00007ff8b6981000 	D:\itapp\idea\IntelliJ IDEA 2020.1.3\jbr\bin\verify.dll
0x00007ff8ba2a0000 - 0x00007ff8ba494000 	C:\WINDOWS\SYSTEM32\DBGHELP.DLL
0x00007ff8ad400000 - 0x00007ff8ad42a000 	C:\WINDOWS\SYSTEM32\dbgcore.DLL
0x00007ff8b1390000 - 0x00007ff8b13b9000 	D:\itapp\idea\IntelliJ IDEA 2020.1.3\jbr\bin\java.dll
0x00007ff8b1370000 - 0x00007ff8b1388000 	D:\itapp\idea\IntelliJ IDEA 2020.1.3\jbr\bin\zip.dll
0x00007ff8b1360000 - 0x00007ff8b136b000 	D:\itapp\idea\IntelliJ IDEA 2020.1.3\jbr\bin\jimage.dll

dbghelp: loaded successfully - version: 4.0.5 - missing functions: none
symbol engine: initialized successfully - sym options: 0x614 - pdb path: .;D:\itapp\idea\IntelliJ IDEA 2020.1.3\jbr\bin;C:\WINDOWS\SYSTEM32;C:\WINDOWS\WinSxS\amd64_microsoft.windows.common-controls_6595b64144ccf1df_6.0.18362.1139_none_9e7bf2d3e4605ac6;D:\itapp\idea\IntelliJ IDEA 2020.1.3\jbr\bin\server

VM Arguments:
java_command: org.jetbrains.git4idea.http.GitAskPassApp Username for 'https://gitee.com': 
java_class_path (initial): D:/itapp/idea/IntelliJ IDEA 2020.1.3/plugins/git4idea/lib/git4idea-rt.jar;D:/itapp/idea/IntelliJ IDEA 2020.1.3/lib/xmlrpc-2.0.1.jar;D:/itapp/idea/IntelliJ IDEA 2020.1.3/lib/commons-codec-1.14.jar;D:/itapp/idea/IntelliJ IDEA 2020.1.3/lib/util.jar
Launcher Type: SUN_STANDARD

[Global flags]
     intx CICompilerCount                          = 4                                         {product} {ergonomic}
     uint ConcGCThreads                            = 3                                         {product} {ergonomic}
     uint G1ConcRefinementThreads                  = 10                                        {product} {ergonomic}
   size_t G1HeapRegionSize                         = 1048576                                   {product} {ergonomic}
    uintx GCDrainStackTargetSize                   = 64                                        {product} {ergonomic}
   size_t InitialHeapSize                          = 266338304                                 {product} {ergonomic}
   size_t MarkStackSize                            = 4194304                                   {product} {ergonomic}
   size_t MaxHeapSize                              = 4261412864                                {product} {ergonomic}
   size_t MinHeapDeltaBytes                        = 1048576                                   {product} {ergonomic}
    uintx NonNMethodCodeHeapSize                   = 5836300                                {pd product} {ergonomic}
    uintx NonProfiledCodeHeapSize                  = 122910970                              {pd product} {ergonomic}
    uintx ProfiledCodeHeapSize                     = 122910970                              {pd product} {ergonomic}
    uintx ReservedCodeCacheSize                    = 251658240                              {pd product} {ergonomic}
     bool SegmentedCodeCache                       = true                                      {product} {ergonomic}
     bool UseCompressedClassPointers               = true                                 {lp64_product} {ergonomic}
     bool UseCompressedOops                        = true                                 {lp64_product} {ergonomic}
     bool UseG1GC                                  = true                                      {product} {ergonomic}
     bool UseLargePagesIndividualAllocation        = false                                  {pd product} {ergonomic}

Logging:
Log output configuration:
 #0: stdout all=warning uptime,level,tags
 #1: stderr all=off uptime,level,tags

Environment Variables:
JAVA_HOME=C:\Program Files\Java\jdk1.8.0_211
CLASSPATH=.
PATH=D:\itapp\git\Git\mingw64\libexec\git-core;D:\itapp\git\Git\mingw64\libexec\git-core;D:\itapp\git\Git\mingw64\bin;D:\itapp\git\Git\usr\bin;C:\Users\xinpi\bin;D:\itapp\xshell;C:\Program Files (x86)\Common Files\Oracle\Java\javapath;C:\WINDOWS\system32;C:\WINDOWS;C:\WINDOWS\System32\Wbem;C:\WINDOWS\System32\WindowsPowerShell\v1.0;C:\WINDOWS\System32\OpenSSH;D:\itapp\nodejs;D:\itapp\nodejs\node_global;D:\itapp\redis;D:\itapp\consul;D:\itapp\mysql\mysql-5.7.20-winx64\bin;C:\Program Files\Java\jdk1.8.0_211\bin;D:\itapp\git\Git\cmd;D:\itapp\erlang\erl-23.0\bin;C:\Program Files\Docker\Docker\resources\bin;C:\ProgramData\DockerDesktop\version-bin;C:\Users\xinpi\AppData\Local\Microsoft\WindowsApps;D:\itapp\vscode\Microsoft VS Code\bin;C:\Users\xinpi\AppData\Roaming\npm;D:\itapp\idea\IntelliJ IDEA 2020.1.3\bin
USERNAME=xinpi
DISPLAY=:0.0
OS=Windows_NT
PROCESSOR_IDENTIFIER=Intel64 Family 6 Model 158 Stepping 10, GenuineIntel



---------------  S Y S T E M  ---------------

OS: Windows 10 , 64 bit Build 18362 (10.0.18362.1110)
OS uptime: 0 days 8:05 hours

CPU:total 12 (initial active 12) (6 cores per cpu, 2 threads per core) family 6 model 158 stepping 10, cmov, cx8, fxsr, mmx, sse, sse2, sse3, ssse3, sse4.1, sse4.2, popcnt, avx, avx2, aes, clmul, erms, 3dnowpref, lzcnt, ht, tsc, tscinvbit, bmi1, bmi2, adx, fma

Memory: 4k page, system-wide physical 16255M (3194M free)
TotalPageFile size 28905M (AvailPageFile size 120M)
current process WorkingSet (physical memory assigned to process): 10M, peak: 10M
current process commit charge ("private bytes"): 64M, peak: 318M

vm_info: OpenJDK 64-Bit Server VM (11.0.7+10-b765.64) for windows-amd64 JRE (11.0.7+10-b765.64), built on Jun 22 2020 14:48:21 by "" with MS VC++ 14.0 (VS2015)

END.
