2021-11-02 09:15:30,983 [reactor-http-nio-4] ERROR [c.laogeli.gateway.handler.GatewayExceptionHandler] GatewayExceptionHandler.java:118 - [全局异常处理]异常请求路径:/api/user/v1/user/info,记录异常信息:access_token已失效.
2021-11-02 09:16:10,392 [reactor-http-nio-4] ERROR [c.laogeli.gateway.handler.GatewayExceptionHandler] GatewayExceptionHandler.java:118 - [全局异常处理]异常请求路径:/api/user/v1/user/info,记录异常信息:access_token已失效.
2021-11-02 13:35:28,601 [reactor-http-nio-3] ERROR [c.laogeli.gateway.handler.GatewayExceptionHandler] GatewayExceptionHandler.java:118 - [全局异常处理]异常请求路径:/api/user/v1/user/info,记录异常信息:access_token已失效.
2021-11-02 15:41:14,080 [reactor-http-nio-11] ERROR [c.laogeli.gateway.handler.GatewayExceptionHandler] GatewayExceptionHandler.java:118 - [全局异常处理]异常请求路径:/api/user/v1/user/info,记录异常信息:access_token已失效.
2021-11-02 16:45:06,653 [reactor-http-nio-4] ERROR [c.laogeli.gateway.handler.GatewayExceptionHandler] GatewayExceptionHandler.java:118 - [全局异常处理]异常请求路径:/api/order/v1/driver/getDriverAndContact/738701429283360769,记录异常信息:503 SERVICE_UNAVAILABLE "Unable to find instance for order-service"
2021-11-02 16:45:06,682 [reactor-http-nio-7] ERROR [c.laogeli.gateway.handler.GatewayExceptionHandler] GatewayExceptionHandler.java:118 - [全局异常处理]异常请求路径:/api/order/v1/constant/allShipsName,记录异常信息:503 SERVICE_UNAVAILABLE "Unable to find instance for order-service"
2021-11-02 16:45:06,693 [reactor-http-nio-9] ERROR [c.laogeli.gateway.handler.GatewayExceptionHandler] GatewayExceptionHandler.java:118 - [全局异常处理]异常请求路径:/api/order/v1/clientele/getClienteleAndContact/738701429283360769,记录异常信息:503 SERVICE_UNAVAILABLE "Unable to find instance for order-service"
2021-11-02 16:45:06,691 [reactor-http-nio-8] ERROR [c.laogeli.gateway.handler.GatewayExceptionHandler] GatewayExceptionHandler.java:118 - [全局异常处理]异常请求路径:/api/order/v1/constant/boxPileList,记录异常信息:503 SERVICE_UNAVAILABLE "Unable to find instance for order-service"
2021-11-02 16:45:06,697 [reactor-http-nio-10] ERROR [c.laogeli.gateway.handler.GatewayExceptionHandler] GatewayExceptionHandler.java:118 - [全局异常处理]异常请求路径:/api/order/v1/constant/allShipCompany,记录异常信息:503 SERVICE_UNAVAILABLE "Unable to find instance for order-service"
2021-11-02 16:45:06,699 [reactor-http-nio-11] ERROR [c.laogeli.gateway.handler.GatewayExceptionHandler] GatewayExceptionHandler.java:118 - [全局异常处理]异常请求路径:/api/order/v1/constant/dockList,记录异常信息:503 SERVICE_UNAVAILABLE "Unable to find instance for order-service"
2021-11-02 16:45:06,707 [reactor-http-nio-12] ERROR [c.laogeli.gateway.handler.GatewayExceptionHandler] GatewayExceptionHandler.java:118 - [全局异常处理]异常请求路径:/api/order/v1/costsSet/findCostsSetList/738701429283360769,记录异常信息:503 SERVICE_UNAVAILABLE "Unable to find instance for order-service"
2021-11-02 16:45:07,292 [reactor-http-nio-2] ERROR [c.laogeli.gateway.handler.GatewayExceptionHandler] GatewayExceptionHandler.java:118 - [全局异常处理]异常请求路径:/api/order/v1/vehicle/carList,记录异常信息:503 SERVICE_UNAVAILABLE "Unable to find instance for order-service"
2021-11-02 16:45:09,876 [reactor-http-nio-5] ERROR [c.laogeli.gateway.handler.GatewayExceptionHandler] GatewayExceptionHandler.java:118 - [全局异常处理]异常请求路径:/api/order/v1/driver/getDriverAndContact/738701429283360769,记录异常信息:503 SERVICE_UNAVAILABLE "Unable to find instance for order-service"
2021-11-02 16:45:09,885 [reactor-http-nio-8] ERROR [c.laogeli.gateway.handler.GatewayExceptionHandler] GatewayExceptionHandler.java:118 - [全局异常处理]异常请求路径:/api/order/v1/constant/allShipsName,记录异常信息:503 SERVICE_UNAVAILABLE "Unable to find instance for order-service"
2021-11-02 16:45:09,886 [reactor-http-nio-9] ERROR [c.laogeli.gateway.handler.GatewayExceptionHandler] GatewayExceptionHandler.java:118 - [全局异常处理]异常请求路径:/api/order/v1/constant/boxPileList,记录异常信息:503 SERVICE_UNAVAILABLE "Unable to find instance for order-service"
2021-11-02 16:45:09,888 [reactor-http-nio-10] ERROR [c.laogeli.gateway.handler.GatewayExceptionHandler] GatewayExceptionHandler.java:118 - [全局异常处理]异常请求路径:/api/order/v1/clientele/getClienteleAndContact/738701429283360769,记录异常信息:503 SERVICE_UNAVAILABLE "Unable to find instance for order-service"
2021-11-02 16:45:09,891 [reactor-http-nio-11] ERROR [c.laogeli.gateway.handler.GatewayExceptionHandler] GatewayExceptionHandler.java:118 - [全局异常处理]异常请求路径:/api/order/v1/constant/allShipCompany,记录异常信息:503 SERVICE_UNAVAILABLE "Unable to find instance for order-service"
2021-11-02 16:45:09,904 [reactor-http-nio-12] ERROR [c.laogeli.gateway.handler.GatewayExceptionHandler] GatewayExceptionHandler.java:118 - [全局异常处理]异常请求路径:/api/order/v1/constant/dockList,记录异常信息:503 SERVICE_UNAVAILABLE "Unable to find instance for order-service"
2021-11-02 16:45:09,910 [reactor-http-nio-1] ERROR [c.laogeli.gateway.handler.GatewayExceptionHandler] GatewayExceptionHandler.java:118 - [全局异常处理]异常请求路径:/api/order/v1/costsSet/findCostsSetList/738701429283360769,记录异常信息:503 SERVICE_UNAVAILABLE "Unable to find instance for order-service"
2021-11-02 16:45:10,339 [reactor-http-nio-3] ERROR [c.laogeli.gateway.handler.GatewayExceptionHandler] GatewayExceptionHandler.java:118 - [全局异常处理]异常请求路径:/api/order/v1/vehicle/carList,记录异常信息:503 SERVICE_UNAVAILABLE "Unable to find instance for order-service"
2021-11-02 16:45:12,427 [reactor-http-nio-5] ERROR [c.laogeli.gateway.handler.GatewayExceptionHandler] GatewayExceptionHandler.java:118 - [全局异常处理]异常请求路径:/api/order/v1/driver/getDriverAndContact/738701429283360769,记录异常信息:503 SERVICE_UNAVAILABLE "Unable to find instance for order-service"
2021-11-02 16:45:12,444 [reactor-http-nio-8] ERROR [c.laogeli.gateway.handler.GatewayExceptionHandler] GatewayExceptionHandler.java:118 - [全局异常处理]异常请求路径:/api/order/v1/constant/allShipsName,记录异常信息:503 SERVICE_UNAVAILABLE "Unable to find instance for order-service"
2021-11-02 16:45:12,448 [reactor-http-nio-9] ERROR [c.laogeli.gateway.handler.GatewayExceptionHandler] GatewayExceptionHandler.java:118 - [全局异常处理]异常请求路径:/api/order/v1/constant/boxPileList,记录异常信息:503 SERVICE_UNAVAILABLE "Unable to find instance for order-service"
2021-11-02 16:45:12,451 [reactor-http-nio-10] ERROR [c.laogeli.gateway.handler.GatewayExceptionHandler] GatewayExceptionHandler.java:118 - [全局异常处理]异常请求路径:/api/order/v1/clientele/getClienteleAndContact/738701429283360769,记录异常信息:503 SERVICE_UNAVAILABLE "Unable to find instance for order-service"
2021-11-02 16:45:12,455 [reactor-http-nio-11] ERROR [c.laogeli.gateway.handler.GatewayExceptionHandler] GatewayExceptionHandler.java:118 - [全局异常处理]异常请求路径:/api/order/v1/constant/allShipCompany,记录异常信息:503 SERVICE_UNAVAILABLE "Unable to find instance for order-service"
2021-11-02 16:45:12,462 [reactor-http-nio-12] ERROR [c.laogeli.gateway.handler.GatewayExceptionHandler] GatewayExceptionHandler.java:118 - [全局异常处理]异常请求路径:/api/order/v1/constant/dockList,记录异常信息:503 SERVICE_UNAVAILABLE "Unable to find instance for order-service"
2021-11-02 16:45:12,466 [reactor-http-nio-1] ERROR [c.laogeli.gateway.handler.GatewayExceptionHandler] GatewayExceptionHandler.java:118 - [全局异常处理]异常请求路径:/api/order/v1/costsSet/findCostsSetList/738701429283360769,记录异常信息:503 SERVICE_UNAVAILABLE "Unable to find instance for order-service"
2021-11-02 16:45:12,846 [reactor-http-nio-3] ERROR [c.laogeli.gateway.handler.GatewayExceptionHandler] GatewayExceptionHandler.java:118 - [全局异常处理]异常请求路径:/api/order/v1/vehicle/carList,记录异常信息:503 SERVICE_UNAVAILABLE "Unable to find instance for order-service"
2021-11-02 17:30:55,633 [reactor-http-nio-6] ERROR [c.laogeli.gateway.handler.GatewayExceptionHandler] GatewayExceptionHandler.java:118 - [全局异常处理]异常请求路径:/actuator/health,记录异常信息:远程主机强迫关闭了一个现有的连接。
2021-11-02 17:30:55,642 [reactor-http-nio-6] ERROR [o.s.web.server.adapter.HttpWebHandlerAdapter] HttpWebHandlerAdapter.java:298 - [6781a327] Error [java.io.IOException: 远程主机强迫关闭了一个现有的连接。] for HTTP GET "/actuator/health", but ServerHttpResponse already committed (200 OK)
2021-11-03 09:27:39,622 [reactor-http-nio-11] ERROR [c.laogeli.gateway.handler.GatewayExceptionHandler] GatewayExceptionHandler.java:118 - [全局异常处理]异常请求路径:/api/user/v1/user/info,记录异常信息:access_token已失效.
2021-11-03 14:41:35,176 [reactor-http-nio-7] ERROR [c.laogeli.gateway.handler.GatewayExceptionHandler] GatewayExceptionHandler.java:118 - [全局异常处理]异常请求路径:/api/user/v1/user/info,记录异常信息:access_token已失效.
2021-11-03 15:05:43,365 [reactor-http-nio-5] ERROR [c.laogeli.gateway.handler.GatewayExceptionHandler] GatewayExceptionHandler.java:118 - [全局异常处理]异常请求路径:/api/order/v1/vehicle/getVehicleAndDriver/,记录异常信息:你的主机中的软件中止了一个已建立的连接。
2021-11-03 15:05:43,367 [reactor-http-nio-4] ERROR [c.laogeli.gateway.handler.GatewayExceptionHandler] GatewayExceptionHandler.java:118 - [全局异常处理]异常请求路径:/api/order/v1/costsSet/findCostsSetList/738701429283360769,记录异常信息:你的主机中的软件中止了一个已建立的连接。
2021-11-03 15:05:43,369 [reactor-http-nio-5] ERROR [o.s.web.server.adapter.HttpWebHandlerAdapter] HttpWebHandlerAdapter.java:298 - [fb2f71b7] Error [java.io.IOException: 你的主机中的软件中止了一个已建立的连接。] for HTTP GET "/api/order/v1/vehicle/getVehicleAndDriver/?corporateIdentify=738701429283360769", but ServerHttpResponse already committed (200 OK)
2021-11-03 15:05:43,369 [reactor-http-nio-4] ERROR [o.s.web.server.adapter.HttpWebHandlerAdapter] HttpWebHandlerAdapter.java:298 - [66140b85] Error [java.io.IOException: 你的主机中的软件中止了一个已建立的连接。] for HTTP GET "/api/order/v1/costsSet/findCostsSetList/738701429283360769", but ServerHttpResponse already committed (200 OK)
2021-11-03 16:39:00,776 [reactor-http-nio-2] ERROR [c.laogeli.gateway.handler.GatewayExceptionHandler] GatewayExceptionHandler.java:118 - [全局异常处理]异常请求路径:/api/order/v1/driver/driverList,记录异常信息:你的主机中的软件中止了一个已建立的连接。
2021-11-03 16:39:00,776 [reactor-http-nio-1] ERROR [c.laogeli.gateway.handler.GatewayExceptionHandler] GatewayExceptionHandler.java:118 - [全局异常处理]异常请求路径:/api/user/v1/message/getMessageNotRead/738701429283360769,记录异常信息:你的主机中的软件中止了一个已建立的连接。
2021-11-03 16:39:00,777 [reactor-http-nio-1] ERROR [o.s.web.server.adapter.HttpWebHandlerAdapter] HttpWebHandlerAdapter.java:298 - [1a7f9a6f] Error [java.io.IOException: 你的主机中的软件中止了一个已建立的连接。] for HTTP GET "/api/user/v1/message/getMessageNotRead/738701429283360769", but ServerHttpResponse already committed (200 OK)
2021-11-03 16:39:00,777 [reactor-http-nio-2] ERROR [o.s.web.server.adapter.HttpWebHandlerAdapter] HttpWebHandlerAdapter.java:298 - [84b2636b] Error [java.io.IOException: 你的主机中的软件中止了一个已建立的连接。] for HTTP GET "/api/order/v1/driver/driverList?pageName=1&pageSize=10&searchParam=&corporateIdentify=738701429283360769&sort=create_date&order=desc&pageNum=1", but ServerHttpResponse already committed (200 OK)
2021-11-03 16:39:00,851 [reactor-http-nio-11] ERROR [c.laogeli.gateway.handler.GatewayExceptionHandler] GatewayExceptionHandler.java:118 - [全局异常处理]异常请求路径:/api/order/v1/costsSet/findCostsSetList/738701429283360769,记录异常信息:你的主机中的软件中止了一个已建立的连接。
2021-11-03 16:39:00,851 [reactor-http-nio-11] ERROR [o.s.web.server.adapter.HttpWebHandlerAdapter] HttpWebHandlerAdapter.java:298 - [e763b7aa] Error [java.io.IOException: 你的主机中的软件中止了一个已建立的连接。] for HTTP GET "/api/order/v1/costsSet/findCostsSetList/738701429283360769", but ServerHttpResponse already committed (200 OK)
2021-11-03 17:22:01,941 [reactor-http-nio-12] ERROR [c.laogeli.gateway.handler.GatewayExceptionHandler] GatewayExceptionHandler.java:118 - [全局异常处理]异常请求路径:/api/user/v1/user/info,记录异常信息:access_token已失效.
2021-11-04 09:24:18,877 [reactor-http-nio-9] ERROR [c.laogeli.gateway.handler.GatewayExceptionHandler] GatewayExceptionHandler.java:118 - [全局异常处理]异常请求路径:/api/user/v1/user/info,记录异常信息:access_token已失效.
2021-11-04 11:22:07,512 [reactor-http-nio-4] ERROR [c.laogeli.gateway.handler.GatewayExceptionHandler] GatewayExceptionHandler.java:118 - [全局异常处理]异常请求路径:/api/order/v1/makingChest/getMakingChestList,记录异常信息:503 SERVICE_UNAVAILABLE "Unable to find instance for order-service"
2021-11-04 11:22:10,566 [reactor-http-nio-10] ERROR [c.laogeli.gateway.handler.GatewayExceptionHandler] GatewayExceptionHandler.java:118 - [全局异常处理]异常请求路径:/api/order/v1/constant/boxPileList,记录异常信息:503 SERVICE_UNAVAILABLE "Unable to find instance for order-service"
2021-11-04 11:22:10,566 [reactor-http-nio-6] ERROR [c.laogeli.gateway.handler.GatewayExceptionHandler] GatewayExceptionHandler.java:118 - [全局异常处理]异常请求路径:/api/order/v1/driver/getDriverAndContact/738701429283360769,记录异常信息:503 SERVICE_UNAVAILABLE "Unable to find instance for order-service"
2021-11-04 11:22:10,566 [reactor-http-nio-9] ERROR [c.laogeli.gateway.handler.GatewayExceptionHandler] GatewayExceptionHandler.java:118 - [全局异常处理]异常请求路径:/api/order/v1/constant/allShipsName,记录异常信息:503 SERVICE_UNAVAILABLE "Unable to find instance for order-service"
2021-11-04 11:22:10,579 [reactor-http-nio-1] ERROR [c.laogeli.gateway.handler.GatewayExceptionHandler] GatewayExceptionHandler.java:118 - [全局异常处理]异常请求路径:/api/order/v1/constant/dockList,记录异常信息:503 SERVICE_UNAVAILABLE "Unable to find instance for order-service"
2021-11-04 11:22:10,579 [reactor-http-nio-11] ERROR [c.laogeli.gateway.handler.GatewayExceptionHandler] GatewayExceptionHandler.java:118 - [全局异常处理]异常请求路径:/api/order/v1/clientele/getClienteleAndContact/738701429283360769,记录异常信息:503 SERVICE_UNAVAILABLE "Unable to find instance for order-service"
2021-11-04 11:22:10,579 [reactor-http-nio-12] ERROR [c.laogeli.gateway.handler.GatewayExceptionHandler] GatewayExceptionHandler.java:118 - [全局异常处理]异常请求路径:/api/order/v1/constant/allShipCompany,记录异常信息:503 SERVICE_UNAVAILABLE "Unable to find instance for order-service"
2021-11-04 11:22:10,587 [reactor-http-nio-2] ERROR [c.laogeli.gateway.handler.GatewayExceptionHandler] GatewayExceptionHandler.java:118 - [全局异常处理]异常请求路径:/api/order/v1/costsSet/findCostsSetList/738701429283360769,记录异常信息:503 SERVICE_UNAVAILABLE "Unable to find instance for order-service"
2021-11-04 11:22:10,589 [reactor-http-nio-3] ERROR [c.laogeli.gateway.handler.GatewayExceptionHandler] GatewayExceptionHandler.java:118 - [全局异常处理]异常请求路径:/api/order/v1/vehicle/getVehicleAndDriver/,记录异常信息:503 SERVICE_UNAVAILABLE "Unable to find instance for order-service"
2021-11-04 11:22:11,115 [reactor-http-nio-5] ERROR [c.laogeli.gateway.handler.GatewayExceptionHandler] GatewayExceptionHandler.java:118 - [全局异常处理]异常请求路径:/api/order/v1/tableHeader/getHeader,记录异常信息:503 SERVICE_UNAVAILABLE "Unable to find instance for order-service"
2021-11-04 11:22:11,117 [reactor-http-nio-6] ERROR [c.laogeli.gateway.handler.GatewayExceptionHandler] GatewayExceptionHandler.java:118 - [全局异常处理]异常请求路径:/api/order/v1/boxMaking/boxMakingList,记录异常信息:503 SERVICE_UNAVAILABLE "Unable to find instance for order-service"
2021-11-04 11:31:11,617 [reactor-http-nio-12] ERROR [c.laogeli.gateway.handler.GatewayExceptionHandler] GatewayExceptionHandler.java:118 - [全局异常处理]异常请求路径:/api/user/v1/user/info,记录异常信息:access_token已失效.
2021-11-04 14:26:21,549 [reactor-http-nio-12] ERROR [c.laogeli.gateway.handler.GatewayExceptionHandler] GatewayExceptionHandler.java:118 - [全局异常处理]异常请求路径:/api/user/v1/user/info,记录异常信息:access_token已失效.
2021-11-04 16:34:36,473 [reactor-http-nio-12] ERROR [c.laogeli.gateway.handler.GatewayExceptionHandler] GatewayExceptionHandler.java:118 - [全局异常处理]异常请求路径:/api/order/v1/makingChest/getMakingChestList,记录异常信息:你的主机中的软件中止了一个已建立的连接。
2021-11-04 16:34:36,480 [reactor-http-nio-12] ERROR [o.s.web.server.adapter.HttpWebHandlerAdapter] HttpWebHandlerAdapter.java:298 - [958b235f] Error [java.io.IOException: 你的主机中的软件中止了一个已建立的连接。] for HTTP GET "/api/order/v1/makingChest/getMakingChestList?businessOrderId=903293075705696256&companyId=", but ServerHttpResponse already committed (200 OK)
2021-11-04 16:40:44,308 [reactor-http-nio-4] ERROR [c.laogeli.gateway.handler.GatewayExceptionHandler] GatewayExceptionHandler.java:118 - [全局异常处理]异常请求路径:/api/order/v1/makingChest/getMakingChestList,记录异常信息:你的主机中的软件中止了一个已建立的连接。
2021-11-04 16:40:44,309 [reactor-http-nio-4] ERROR [o.s.web.server.adapter.HttpWebHandlerAdapter] HttpWebHandlerAdapter.java:298 - [d4406bd6] Error [java.io.IOException: 你的主机中的软件中止了一个已建立的连接。] for HTTP GET "/api/order/v1/makingChest/getMakingChestList?businessOrderId=903293075705696256&companyId=", but ServerHttpResponse already committed (200 OK)
2021-11-04 16:45:53,141 [reactor-http-nio-6] ERROR [c.laogeli.gateway.handler.GatewayExceptionHandler] GatewayExceptionHandler.java:118 - [全局异常处理]异常请求路径:/api/order/v1/makingChest/,记录异常信息:access_token已失效.
2021-11-04 16:52:24,423 [reactor-http-nio-8] ERROR [c.laogeli.gateway.handler.GatewayExceptionHandler] GatewayExceptionHandler.java:118 - [全局异常处理]异常请求路径:/api/order/v1/makingChest/getMakingChestList,记录异常信息:你的主机中的软件中止了一个已建立的连接。
2021-11-04 16:52:24,424 [reactor-http-nio-8] ERROR [o.s.web.server.adapter.HttpWebHandlerAdapter] HttpWebHandlerAdapter.java:298 - [291c0cdd] Error [java.io.IOException: 你的主机中的软件中止了一个已建立的连接。] for HTTP GET "/api/order/v1/makingChest/getMakingChestList?businessOrderId=903293075705696256&companyId=", but ServerHttpResponse already committed (200 OK)
2021-11-04 16:53:20,200 [reactor-http-nio-2] ERROR [c.laogeli.gateway.handler.GatewayExceptionHandler] GatewayExceptionHandler.java:118 - [全局异常处理]异常请求路径:/api/order/v1/makingChest/,记录异常信息:503 SERVICE_UNAVAILABLE "Unable to find instance for order-service"
2021-11-04 17:21:28,125 [reactor-http-nio-7] ERROR [c.laogeli.gateway.handler.GatewayExceptionHandler] GatewayExceptionHandler.java:118 - [全局异常处理]异常请求路径:/api/order/v1/makingChest/getMakingChestList,记录异常信息:你的主机中的软件中止了一个已建立的连接。
2021-11-04 17:21:28,126 [reactor-http-nio-7] ERROR [o.s.web.server.adapter.HttpWebHandlerAdapter] HttpWebHandlerAdapter.java:298 - [f9dee89c] Error [java.io.IOException: 你的主机中的软件中止了一个已建立的连接。] for HTTP GET "/api/order/v1/makingChest/getMakingChestList?businessOrderId=903293075705696256&companyId=", but ServerHttpResponse already committed (200 OK)
2021-11-05 09:18:31,479 [reactor-http-nio-6] ERROR [c.laogeli.gateway.handler.GatewayExceptionHandler] GatewayExceptionHandler.java:118 - [全局异常处理]异常请求路径:/api/user/v1/user/info,记录异常信息:access_token已失效.
2021-11-05 11:08:10,401 [reactor-http-nio-11] ERROR [c.laogeli.gateway.handler.GatewayExceptionHandler] GatewayExceptionHandler.java:118 - [全局异常处理]异常请求路径:/api/user/v1/user/info,记录异常信息:access_token已失效.
2021-11-05 11:10:32,074 [reactor-http-nio-10] ERROR [c.laogeli.gateway.handler.GatewayExceptionHandler] GatewayExceptionHandler.java:118 - [全局异常处理]异常请求路径:/api/user/v1/user/info,记录异常信息:access_token已失效.
2021-11-05 11:18:04,918 [reactor-http-nio-10] ERROR [c.laogeli.gateway.handler.GatewayExceptionHandler] GatewayExceptionHandler.java:118 - [全局异常处理]异常请求路径:/api/user/v1/user/info,记录异常信息:access_token已失效.
2021-11-05 11:18:31,802 [reactor-http-nio-1] ERROR [c.laogeli.gateway.handler.GatewayExceptionHandler] GatewayExceptionHandler.java:118 - [全局异常处理]异常请求路径:/api/auth/oauth/token,记录异常信息:你的主机中的软件中止了一个已建立的连接。
2021-11-05 11:18:31,805 [reactor-http-nio-1] ERROR [o.s.web.server.adapter.HttpWebHandlerAdapter] HttpWebHandlerAdapter.java:298 - [8688e8be] Error [java.io.IOException: 你的主机中的软件中止了一个已建立的连接。] for HTTP POST "/api/auth/oauth/token?username=18915075917&credential=NwIRX0eoLhvQGytAvgO%2Fmw%3D%3D&grant_type=password&scope=read", but ServerHttpResponse already committed (200 OK)
2021-11-05 11:19:47,473 [reactor-http-nio-2] ERROR [c.laogeli.gateway.handler.GatewayExceptionHandler] GatewayExceptionHandler.java:118 - [全局异常处理]异常请求路径:/api/user/v1/user/info,记录异常信息:access_token已失效.
2021-11-05 11:22:15,352 [reactor-http-nio-4] ERROR [c.laogeli.gateway.handler.GatewayExceptionHandler] GatewayExceptionHandler.java:118 - [全局异常处理]异常请求路径:/api/auth/oauth/token,记录异常信息:你的主机中的软件中止了一个已建立的连接。
2021-11-05 11:22:15,352 [reactor-http-nio-4] ERROR [o.s.web.server.adapter.HttpWebHandlerAdapter] HttpWebHandlerAdapter.java:298 - [9496f0bf] Error [java.io.IOException: 你的主机中的软件中止了一个已建立的连接。] for HTTP POST "/api/auth/oauth/token?username=18915075917&credential=NwIRX0eoLhvQGytAvgO%2Fmw%3D%3D&grant_type=password&scope=read", but ServerHttpResponse already committed (200 OK)
2021-11-05 11:22:35,160 [reactor-http-nio-9] ERROR [c.laogeli.gateway.handler.GatewayExceptionHandler] GatewayExceptionHandler.java:118 - [全局异常处理]异常请求路径:/api/auth/oauth/token,记录异常信息:503 SERVICE_UNAVAILABLE "Unable to find instance for auth-service"
2021-11-05 11:24:45,897 [reactor-http-nio-9] ERROR [c.laogeli.gateway.handler.GatewayExceptionHandler] GatewayExceptionHandler.java:118 - [全局异常处理]异常请求路径:/api/auth/oauth/token,记录异常信息:你的主机中的软件中止了一个已建立的连接。
2021-11-05 11:24:45,897 [reactor-http-nio-9] ERROR [o.s.web.server.adapter.HttpWebHandlerAdapter] HttpWebHandlerAdapter.java:298 - [d7346837] Error [java.io.IOException: 你的主机中的软件中止了一个已建立的连接。] for HTTP POST "/api/auth/oauth/token?username=18915075917&credential=NwIRX0eoLhvQGytAvgO%2Fmw%3D%3D&grant_type=password&scope=read", but ServerHttpResponse already committed (200 OK)
2021-11-05 11:25:40,970 [reactor-http-nio-6] ERROR [c.laogeli.gateway.handler.GatewayExceptionHandler] GatewayExceptionHandler.java:118 - [全局异常处理]异常请求路径:/api/auth/oauth/token,记录异常信息:503 SERVICE_UNAVAILABLE "Unable to find instance for auth-service"
2021-11-05 11:27:51,792 [reactor-http-nio-11] ERROR [c.laogeli.gateway.handler.GatewayExceptionHandler] GatewayExceptionHandler.java:118 - [全局异常处理]异常请求路径:/api/user/v1/attachment/upload,记录异常信息:access_token已失效.
2021-11-05 11:28:47,332 [reactor-http-nio-5] ERROR [c.laogeli.gateway.handler.GatewayExceptionHandler] GatewayExceptionHandler.java:118 - [全局异常处理]异常请求路径:/api/order/v1/driver/driverList,记录异常信息:access_token已失效.
2021-11-05 13:44:47,695 [reactor-http-nio-12] ERROR [c.laogeli.gateway.handler.GatewayExceptionHandler] GatewayExceptionHandler.java:118 - [全局异常处理]异常请求路径:/api/user/v1/user/info,记录异常信息:access_token已失效.
2021-11-05 13:48:11,178 [reactor-http-nio-2] ERROR [c.laogeli.gateway.handler.GatewayExceptionHandler] GatewayExceptionHandler.java:118 - [全局异常处理]异常请求路径:/api/user/v1/attachment/upload,记录异常信息:access_token已失效.
2021-11-05 13:52:39,634 [reactor-http-nio-5] ERROR [c.laogeli.gateway.handler.GatewayExceptionHandler] GatewayExceptionHandler.java:118 - [全局异常处理]异常请求路径:/api/user/v1/user/info,记录异常信息:access_token已失效.
2021-11-05 15:26:50,105 [reactor-http-nio-6] ERROR [c.laogeli.gateway.handler.GatewayExceptionHandler] GatewayExceptionHandler.java:118 - [全局异常处理]异常请求路径:/api/user/v1/user/info,记录异常信息:access_token已失效.
2021-11-05 15:59:09,092 [reactor-http-nio-12] ERROR [c.laogeli.gateway.handler.GatewayExceptionHandler] GatewayExceptionHandler.java:118 - [全局异常处理]异常请求路径:/api/order/v1/driver/driverList,记录异常信息:access_token已失效.
2021-11-05 16:16:58,505 [reactor-http-nio-4] ERROR [c.laogeli.gateway.handler.GatewayExceptionHandler] GatewayExceptionHandler.java:118 - [全局异常处理]异常请求路径:/api/user/v1/user/info,记录异常信息:access_token已失效.
2021-11-08 10:08:51,123 [reactor-http-nio-12] ERROR [c.laogeli.gateway.handler.GatewayExceptionHandler] GatewayExceptionHandler.java:118 - [全局异常处理]异常请求路径:/api/user/v1/user/info,记录异常信息:access_token已失效.
2021-11-08 10:10:52,195 [reactor-http-nio-9] ERROR [c.laogeli.gateway.handler.GatewayExceptionHandler] GatewayExceptionHandler.java:118 - [全局异常处理]异常请求路径:/api/user/v1/user/info,记录异常信息:access_token已失效.
2021-11-08 13:56:22,154 [reactor-http-nio-1] ERROR [c.laogeli.gateway.handler.GatewayExceptionHandler] GatewayExceptionHandler.java:118 - [全局异常处理]异常请求路径:/api/user/v1/user/info,记录异常信息:access_token已失效.
2021-11-08 13:59:04,015 [reactor-http-nio-10] ERROR [c.laogeli.gateway.handler.GatewayExceptionHandler] GatewayExceptionHandler.java:118 - [全局异常处理]异常请求路径:/api/user/v1/user/info,记录异常信息:access_token已失效.
2021-11-08 15:59:29,607 [reactor-http-nio-7] ERROR [c.laogeli.gateway.handler.GatewayExceptionHandler] GatewayExceptionHandler.java:118 - [全局异常处理]异常请求路径:/api/order/v1/tableHeader/getHeader,记录异常信息:access_token已失效.
2021-11-08 15:59:29,610 [reactor-http-nio-8] ERROR [c.laogeli.gateway.handler.GatewayExceptionHandler] GatewayExceptionHandler.java:118 - [全局异常处理]异常请求路径:/api/order/v1/businessOrder/businessOrderList,记录异常信息:access_token已失效.
2021-11-09 08:57:25,863 [reactor-http-nio-11] ERROR [c.laogeli.gateway.handler.GatewayExceptionHandler] GatewayExceptionHandler.java:118 - [全局异常处理]异常请求路径:/api/user/v1/user/info,记录异常信息:access_token已失效.
2021-11-09 08:58:12,975 [reactor-http-nio-1] ERROR [c.laogeli.gateway.handler.GatewayExceptionHandler] GatewayExceptionHandler.java:118 - [全局异常处理]异常请求路径:/api/user/v1/user/info,记录异常信息:access_token已失效.
2021-11-09 09:37:52,439 [reactor-http-nio-9] ERROR [c.laogeli.gateway.handler.GatewayExceptionHandler] GatewayExceptionHandler.java:118 - [全局异常处理]异常请求路径:/api/order/v1/driver/getDriverAndContact/738701429283360769,记录异常信息:503 SERVICE_UNAVAILABLE "Unable to find instance for order-service"
2021-11-09 09:37:52,450 [reactor-http-nio-12] ERROR [c.laogeli.gateway.handler.GatewayExceptionHandler] GatewayExceptionHandler.java:118 - [全局异常处理]异常请求路径:/api/order/v1/constant/allShipsName,记录异常信息:503 SERVICE_UNAVAILABLE "Unable to find instance for order-service"
2021-11-09 09:37:52,457 [reactor-http-nio-1] ERROR [c.laogeli.gateway.handler.GatewayExceptionHandler] GatewayExceptionHandler.java:118 - [全局异常处理]异常请求路径:/api/order/v1/constant/boxPileList,记录异常信息:503 SERVICE_UNAVAILABLE "Unable to find instance for order-service"
2021-11-09 09:37:52,457 [reactor-http-nio-2] ERROR [c.laogeli.gateway.handler.GatewayExceptionHandler] GatewayExceptionHandler.java:118 - [全局异常处理]异常请求路径:/api/order/v1/clientele/getClienteleAndContact/738701429283360769,记录异常信息:503 SERVICE_UNAVAILABLE "Unable to find instance for order-service"
2021-11-09 09:37:52,467 [reactor-http-nio-3] ERROR [c.laogeli.gateway.handler.GatewayExceptionHandler] GatewayExceptionHandler.java:118 - [全局异常处理]异常请求路径:/api/order/v1/constant/allShipCompany,记录异常信息:503 SERVICE_UNAVAILABLE "Unable to find instance for order-service"
2021-11-09 09:37:52,467 [reactor-http-nio-4] ERROR [c.laogeli.gateway.handler.GatewayExceptionHandler] GatewayExceptionHandler.java:118 - [全局异常处理]异常请求路径:/api/order/v1/constant/dockList,记录异常信息:503 SERVICE_UNAVAILABLE "Unable to find instance for order-service"
2021-11-09 09:37:52,473 [reactor-http-nio-5] ERROR [c.laogeli.gateway.handler.GatewayExceptionHandler] GatewayExceptionHandler.java:118 - [全局异常处理]异常请求路径:/api/order/v1/costsSet/findCostsSetList/738701429283360769,记录异常信息:503 SERVICE_UNAVAILABLE "Unable to find instance for order-service"
2021-11-09 09:37:52,474 [reactor-http-nio-6] ERROR [c.laogeli.gateway.handler.GatewayExceptionHandler] GatewayExceptionHandler.java:118 - [全局异常处理]异常请求路径:/api/order/v1/vehicle/getVehicleAndDriver/,记录异常信息:503 SERVICE_UNAVAILABLE "Unable to find instance for order-service"
2021-11-09 09:37:54,811 [reactor-http-nio-1] ERROR [c.laogeli.gateway.handler.GatewayExceptionHandler] GatewayExceptionHandler.java:118 - [全局异常处理]异常请求路径:/api/order/v1/constant/boxPileList,记录异常信息:503 SERVICE_UNAVAILABLE "Unable to find instance for order-service"
2021-11-09 09:37:54,811 [reactor-http-nio-9] ERROR [c.laogeli.gateway.handler.GatewayExceptionHandler] GatewayExceptionHandler.java:118 - [全局异常处理]异常请求路径:/api/order/v1/driver/getDriverAndContact/738701429283360769,记录异常信息:503 SERVICE_UNAVAILABLE "Unable to find instance for order-service"
2021-11-09 09:37:54,811 [reactor-http-nio-2] ERROR [c.laogeli.gateway.handler.GatewayExceptionHandler] GatewayExceptionHandler.java:118 - [全局异常处理]异常请求路径:/api/order/v1/clientele/getClienteleAndContact/738701429283360769,记录异常信息:503 SERVICE_UNAVAILABLE "Unable to find instance for order-service"
2021-11-09 09:37:54,812 [reactor-http-nio-12] ERROR [c.laogeli.gateway.handler.GatewayExceptionHandler] GatewayExceptionHandler.java:118 - [全局异常处理]异常请求路径:/api/order/v1/constant/allShipsName,记录异常信息:503 SERVICE_UNAVAILABLE "Unable to find instance for order-service"
2021-11-09 09:37:54,823 [reactor-http-nio-3] ERROR [c.laogeli.gateway.handler.GatewayExceptionHandler] GatewayExceptionHandler.java:118 - [全局异常处理]异常请求路径:/api/order/v1/constant/allShipCompany,记录异常信息:503 SERVICE_UNAVAILABLE "Unable to find instance for order-service"
2021-11-09 09:37:54,824 [reactor-http-nio-5] ERROR [c.laogeli.gateway.handler.GatewayExceptionHandler] GatewayExceptionHandler.java:118 - [全局异常处理]异常请求路径:/api/order/v1/costsSet/findCostsSetList/738701429283360769,记录异常信息:503 SERVICE_UNAVAILABLE "Unable to find instance for order-service"
2021-11-09 09:37:54,824 [reactor-http-nio-4] ERROR [c.laogeli.gateway.handler.GatewayExceptionHandler] GatewayExceptionHandler.java:118 - [全局异常处理]异常请求路径:/api/order/v1/constant/dockList,记录异常信息:503 SERVICE_UNAVAILABLE "Unable to find instance for order-service"
2021-11-09 09:37:54,824 [reactor-http-nio-6] ERROR [c.laogeli.gateway.handler.GatewayExceptionHandler] GatewayExceptionHandler.java:118 - [全局异常处理]异常请求路径:/api/order/v1/vehicle/getVehicleAndDriver/,记录异常信息:503 SERVICE_UNAVAILABLE "Unable to find instance for order-service"
2021-11-09 09:37:56,699 [reactor-http-nio-10] ERROR [c.laogeli.gateway.handler.GatewayExceptionHandler] GatewayExceptionHandler.java:118 - [全局异常处理]异常请求路径:/api/order/v1/driver/getDriverAndContact/738701429283360769,记录异常信息:503 SERVICE_UNAVAILABLE "Unable to find instance for order-service"
2021-11-09 09:37:56,701 [reactor-http-nio-1] ERROR [c.laogeli.gateway.handler.GatewayExceptionHandler] GatewayExceptionHandler.java:118 - [全局异常处理]异常请求路径:/api/order/v1/constant/allShipsName,记录异常信息:503 SERVICE_UNAVAILABLE "Unable to find instance for order-service"
2021-11-09 09:37:56,701 [reactor-http-nio-3] ERROR [c.laogeli.gateway.handler.GatewayExceptionHandler] GatewayExceptionHandler.java:118 - [全局异常处理]异常请求路径:/api/order/v1/clientele/getClienteleAndContact/738701429283360769,记录异常信息:503 SERVICE_UNAVAILABLE "Unable to find instance for order-service"
2021-11-09 09:37:56,701 [reactor-http-nio-2] ERROR [c.laogeli.gateway.handler.GatewayExceptionHandler] GatewayExceptionHandler.java:118 - [全局异常处理]异常请求路径:/api/order/v1/constant/boxPileList,记录异常信息:503 SERVICE_UNAVAILABLE "Unable to find instance for order-service"
2021-11-09 09:37:56,716 [reactor-http-nio-4] ERROR [c.laogeli.gateway.handler.GatewayExceptionHandler] GatewayExceptionHandler.java:118 - [全局异常处理]异常请求路径:/api/order/v1/constant/allShipCompany,记录异常信息:503 SERVICE_UNAVAILABLE "Unable to find instance for order-service"
2021-11-09 09:37:56,720 [reactor-http-nio-7] ERROR [c.laogeli.gateway.handler.GatewayExceptionHandler] GatewayExceptionHandler.java:118 - [全局异常处理]异常请求路径:/api/order/v1/vehicle/getVehicleAndDriver/,记录异常信息:503 SERVICE_UNAVAILABLE "Unable to find instance for order-service"
2021-11-09 09:37:56,720 [reactor-http-nio-6] ERROR [c.laogeli.gateway.handler.GatewayExceptionHandler] GatewayExceptionHandler.java:118 - [全局异常处理]异常请求路径:/api/order/v1/costsSet/findCostsSetList/738701429283360769,记录异常信息:503 SERVICE_UNAVAILABLE "Unable to find instance for order-service"
2021-11-09 09:37:56,720 [reactor-http-nio-5] ERROR [c.laogeli.gateway.handler.GatewayExceptionHandler] GatewayExceptionHandler.java:118 - [全局异常处理]异常请求路径:/api/order/v1/constant/dockList,记录异常信息:503 SERVICE_UNAVAILABLE "Unable to find instance for order-service"
2021-11-09 09:42:05,379 [reactor-http-nio-5] ERROR [c.laogeli.gateway.handler.GatewayExceptionHandler] GatewayExceptionHandler.java:118 - [全局异常处理]异常请求路径:/api/order/v1/makingChest/getMakingChestList,记录异常信息:你的主机中的软件中止了一个已建立的连接。
2021-11-09 09:42:05,380 [reactor-http-nio-5] ERROR [o.s.web.server.adapter.HttpWebHandlerAdapter] HttpWebHandlerAdapter.java:298 - [4cb286a0] Error [java.io.IOException: 你的主机中的软件中止了一个已建立的连接。] for HTTP GET "/api/order/v1/makingChest/getMakingChestList?businessOrderId=902849826490814464&companyId=", but ServerHttpResponse already committed (200 OK)
2021-11-09 09:42:21,241 [reactor-http-nio-10] ERROR [c.laogeli.gateway.handler.GatewayExceptionHandler] GatewayExceptionHandler.java:118 - [全局异常处理]异常请求路径:/api/order/v1/makingChest/,记录异常信息:503 SERVICE_UNAVAILABLE "Unable to find instance for order-service"
2021-11-09 09:43:23,465 [reactor-http-nio-10] ERROR [c.laogeli.gateway.handler.GatewayExceptionHandler] GatewayExceptionHandler.java:118 - [全局异常处理]异常请求路径:/api/order/v1/constant/allShipsName,记录异常信息:503 SERVICE_UNAVAILABLE "Unable to find instance for order-service"
2021-11-09 09:43:23,465 [reactor-http-nio-11] ERROR [c.laogeli.gateway.handler.GatewayExceptionHandler] GatewayExceptionHandler.java:118 - [全局异常处理]异常请求路径:/api/order/v1/constant/boxPileList,记录异常信息:503 SERVICE_UNAVAILABLE "Unable to find instance for order-service"
2021-11-09 09:43:23,465 [reactor-http-nio-6] ERROR [c.laogeli.gateway.handler.GatewayExceptionHandler] GatewayExceptionHandler.java:118 - [全局异常处理]异常请求路径:/api/order/v1/driver/getDriverAndContact/738701429283360769,记录异常信息:503 SERVICE_UNAVAILABLE "Unable to find instance for order-service"
2021-11-09 09:43:23,465 [reactor-http-nio-8] ERROR [c.laogeli.gateway.handler.GatewayExceptionHandler] GatewayExceptionHandler.java:118 - [全局异常处理]异常请求路径:/api/order/v1/clientele/getClienteleAndContact/738701429283360769,记录异常信息:503 SERVICE_UNAVAILABLE "Unable to find instance for order-service"
2021-11-09 09:43:23,478 [reactor-http-nio-12] ERROR [c.laogeli.gateway.handler.GatewayExceptionHandler] GatewayExceptionHandler.java:118 - [全局异常处理]异常请求路径:/api/order/v1/constant/allShipCompany,记录异常信息:503 SERVICE_UNAVAILABLE "Unable to find instance for order-service"
2021-11-09 09:43:23,481 [reactor-http-nio-1] ERROR [c.laogeli.gateway.handler.GatewayExceptionHandler] GatewayExceptionHandler.java:118 - [全局异常处理]异常请求路径:/api/order/v1/constant/dockList,记录异常信息:503 SERVICE_UNAVAILABLE "Unable to find instance for order-service"
2021-11-09 09:43:23,481 [reactor-http-nio-2] ERROR [c.laogeli.gateway.handler.GatewayExceptionHandler] GatewayExceptionHandler.java:118 - [全局异常处理]异常请求路径:/api/order/v1/costsSet/findCostsSetList/738701429283360769,记录异常信息:503 SERVICE_UNAVAILABLE "Unable to find instance for order-service"
2021-11-09 09:43:23,481 [reactor-http-nio-3] ERROR [c.laogeli.gateway.handler.GatewayExceptionHandler] GatewayExceptionHandler.java:118 - [全局异常处理]异常请求路径:/api/order/v1/vehicle/getVehicleAndDriver/,记录异常信息:503 SERVICE_UNAVAILABLE "Unable to find instance for order-service"
2021-11-09 09:43:23,931 [reactor-http-nio-5] ERROR [c.laogeli.gateway.handler.GatewayExceptionHandler] GatewayExceptionHandler.java:118 - [全局异常处理]异常请求路径:/api/order/v1/tableHeader/getHeader,记录异常信息:503 SERVICE_UNAVAILABLE "Unable to find instance for order-service"
2021-11-09 09:43:23,932 [reactor-http-nio-6] ERROR [c.laogeli.gateway.handler.GatewayExceptionHandler] GatewayExceptionHandler.java:118 - [全局异常处理]异常请求路径:/api/order/v1/boxMaking/boxMakingList,记录异常信息:503 SERVICE_UNAVAILABLE "Unable to find instance for order-service"
2021-11-09 09:43:25,631 [reactor-http-nio-11] ERROR [c.laogeli.gateway.handler.GatewayExceptionHandler] GatewayExceptionHandler.java:118 - [全局异常处理]异常请求路径:/api/order/v1/constant/allShipsName,记录异常信息:503 SERVICE_UNAVAILABLE "Unable to find instance for order-service"
2021-11-09 09:43:25,631 [reactor-http-nio-8] ERROR [c.laogeli.gateway.handler.GatewayExceptionHandler] GatewayExceptionHandler.java:118 - [全局异常处理]异常请求路径:/api/order/v1/driver/getDriverAndContact/738701429283360769,记录异常信息:503 SERVICE_UNAVAILABLE "Unable to find instance for order-service"
2021-11-09 09:43:25,631 [reactor-http-nio-1] ERROR [c.laogeli.gateway.handler.GatewayExceptionHandler] GatewayExceptionHandler.java:118 - [全局异常处理]异常请求路径:/api/order/v1/clientele/getClienteleAndContact/738701429283360769,记录异常信息:503 SERVICE_UNAVAILABLE "Unable to find instance for order-service"
2021-11-09 09:43:25,631 [reactor-http-nio-12] ERROR [c.laogeli.gateway.handler.GatewayExceptionHandler] GatewayExceptionHandler.java:118 - [全局异常处理]异常请求路径:/api/order/v1/constant/boxPileList,记录异常信息:503 SERVICE_UNAVAILABLE "Unable to find instance for order-service"
2021-11-09 09:43:25,639 [reactor-http-nio-2] ERROR [c.laogeli.gateway.handler.GatewayExceptionHandler] GatewayExceptionHandler.java:118 - [全局异常处理]异常请求路径:/api/order/v1/constant/allShipCompany,记录异常信息:503 SERVICE_UNAVAILABLE "Unable to find instance for order-service"
2021-11-09 09:43:25,640 [reactor-http-nio-3] ERROR [c.laogeli.gateway.handler.GatewayExceptionHandler] GatewayExceptionHandler.java:118 - [全局异常处理]异常请求路径:/api/order/v1/constant/dockList,记录异常信息:503 SERVICE_UNAVAILABLE "Unable to find instance for order-service"
2021-11-09 09:43:25,640 [reactor-http-nio-4] ERROR [c.laogeli.gateway.handler.GatewayExceptionHandler] GatewayExceptionHandler.java:118 - [全局异常处理]异常请求路径:/api/order/v1/costsSet/findCostsSetList/738701429283360769,记录异常信息:503 SERVICE_UNAVAILABLE "Unable to find instance for order-service"
2021-11-09 09:43:25,648 [reactor-http-nio-5] ERROR [c.laogeli.gateway.handler.GatewayExceptionHandler] GatewayExceptionHandler.java:118 - [全局异常处理]异常请求路径:/api/order/v1/vehicle/getVehicleAndDriver/,记录异常信息:503 SERVICE_UNAVAILABLE "Unable to find instance for order-service"
2021-11-09 09:43:26,098 [reactor-http-nio-8] ERROR [c.laogeli.gateway.handler.GatewayExceptionHandler] GatewayExceptionHandler.java:118 - [全局异常处理]异常请求路径:/api/order/v1/boxMaking/boxMakingList,记录异常信息:503 SERVICE_UNAVAILABLE "Unable to find instance for order-service"
2021-11-09 09:43:26,098 [reactor-http-nio-7] ERROR [c.laogeli.gateway.handler.GatewayExceptionHandler] GatewayExceptionHandler.java:118 - [全局异常处理]异常请求路径:/api/order/v1/tableHeader/getHeader,记录异常信息:503 SERVICE_UNAVAILABLE "Unable to find instance for order-service"
2021-11-09 09:48:19,246 [reactor-http-nio-6] ERROR [c.laogeli.gateway.handler.GatewayExceptionHandler] GatewayExceptionHandler.java:118 - [全局异常处理]异常请求路径:/api/order/v1/makingChest/getMakingChestList,记录异常信息:你的主机中的软件中止了一个已建立的连接。
2021-11-09 09:48:19,246 [reactor-http-nio-6] ERROR [o.s.web.server.adapter.HttpWebHandlerAdapter] HttpWebHandlerAdapter.java:298 - [84673a6a] Error [java.io.IOException: 你的主机中的软件中止了一个已建立的连接。] for HTTP GET "/api/order/v1/makingChest/getMakingChestList?businessOrderId=902849826490814464&companyId=", but ServerHttpResponse already committed (200 OK)
2021-11-09 11:20:25,954 [reactor-http-nio-8] ERROR [c.laogeli.gateway.handler.GatewayExceptionHandler] GatewayExceptionHandler.java:118 - [全局异常处理]异常请求路径:/api/order/v1/clientele/btypeList,记录异常信息:access_token已失效.
2021-11-09 13:53:23,274 [reactor-http-nio-6] ERROR [c.laogeli.gateway.handler.GatewayExceptionHandler] GatewayExceptionHandler.java:118 - [全局异常处理]异常请求路径:/api/order/v1/tableHeader/getHeader,记录异常信息:access_token已失效.
2021-11-09 13:53:23,274 [reactor-http-nio-7] ERROR [c.laogeli.gateway.handler.GatewayExceptionHandler] GatewayExceptionHandler.java:118 - [全局异常处理]异常请求路径:/api/order/v1/businessOrder/platformOrderList,记录异常信息:access_token已失效.
2021-11-09 14:42:00,033 [reactor-http-nio-11] ERROR [c.laogeli.gateway.handler.GatewayExceptionHandler] GatewayExceptionHandler.java:118 - [全局异常处理]异常请求路径:/api/user/v1/user/info,记录异常信息:access_token已失效.
2021-11-09 14:56:16,051 [reactor-http-nio-6] ERROR [c.laogeli.gateway.handler.GatewayExceptionHandler] GatewayExceptionHandler.java:118 - [全局异常处理]异常请求路径:/api/user/v1/attachment/upload,记录异常信息:access_token已失效.
2021-11-09 14:56:36,765 [reactor-http-nio-10] ERROR [c.laogeli.gateway.handler.GatewayExceptionHandler] GatewayExceptionHandler.java:118 - [全局异常处理]异常请求路径:/api/user/v1/attachment/upload,记录异常信息:access_token已失效.
2021-11-09 14:57:51,835 [reactor-http-nio-6] ERROR [c.laogeli.gateway.handler.GatewayExceptionHandler] GatewayExceptionHandler.java:118 - [全局异常处理]异常请求路径:/api/user/v1/user/info,记录异常信息:access_token已失效.
2021-11-09 15:06:56,141 [reactor-http-nio-10] ERROR [c.laogeli.gateway.handler.GatewayExceptionHandler] GatewayExceptionHandler.java:118 - [全局异常处理]异常请求路径:/api/user/v1/user/info,记录异常信息:access_token已失效.
2021-11-09 15:11:22,589 [reactor-http-nio-5] ERROR [c.laogeli.gateway.handler.GatewayExceptionHandler] GatewayExceptionHandler.java:118 - [全局异常处理]异常请求路径:/api/user/v1/attachment/upload,记录异常信息:access_token已失效.
2021-11-09 15:12:51,154 [reactor-http-nio-3] ERROR [c.laogeli.gateway.handler.GatewayExceptionHandler] GatewayExceptionHandler.java:118 - [全局异常处理]异常请求路径:/api/user/v1/attachment/upload,记录异常信息:access_token已失效.
2021-11-09 15:13:54,841 [reactor-http-nio-10] ERROR [c.laogeli.gateway.handler.GatewayExceptionHandler] GatewayExceptionHandler.java:118 - [全局异常处理]异常请求路径:/api/order/v1/driver/driverList,记录异常信息:access_token已失效.
2021-11-09 15:16:06,291 [reactor-http-nio-7] ERROR [c.laogeli.gateway.handler.GatewayExceptionHandler] GatewayExceptionHandler.java:118 - [全局异常处理]异常请求路径:/api/user/v1/attachment/upload,记录异常信息:access_token已失效.
2021-11-09 15:16:20,335 [reactor-http-nio-10] ERROR [c.laogeli.gateway.handler.GatewayExceptionHandler] GatewayExceptionHandler.java:118 - [全局异常处理]异常请求路径:/api/order/v1/driver/driverList,记录异常信息:access_token已失效.
2021-11-09 15:18:46,460 [reactor-http-nio-8] ERROR [c.laogeli.gateway.handler.GatewayExceptionHandler] GatewayExceptionHandler.java:118 - [全局异常处理]异常请求路径:/api/user/v1/attachment/upload,记录异常信息:access_token已失效.
2021-11-09 15:20:44,192 [reactor-http-nio-9] ERROR [c.laogeli.gateway.handler.GatewayExceptionHandler] GatewayExceptionHandler.java:118 - [全局异常处理]异常请求路径:/api/user/v1/user/info,记录异常信息:access_token已失效.
2021-11-09 15:22:37,194 [reactor-http-nio-1] ERROR [c.laogeli.gateway.handler.GatewayExceptionHandler] GatewayExceptionHandler.java:118 - [全局异常处理]异常请求路径:/api/user/v1/attachment/upload,记录异常信息:access_token已失效.
2021-11-09 15:22:41,354 [reactor-http-nio-2] ERROR [c.laogeli.gateway.handler.GatewayExceptionHandler] GatewayExceptionHandler.java:118 - [全局异常处理]异常请求路径:/api/order/v1/driver/driverList,记录异常信息:access_token已失效.
2021-11-09 15:25:10,248 [reactor-http-nio-2] ERROR [c.laogeli.gateway.handler.GatewayExceptionHandler] GatewayExceptionHandler.java:118 - [全局异常处理]异常请求路径:/api/user/v1/attachment/upload,记录异常信息:access_token已失效.
2021-11-09 15:46:44,204 [reactor-http-nio-11] ERROR [c.laogeli.gateway.handler.GatewayExceptionHandler] GatewayExceptionHandler.java:118 - [全局异常处理]异常请求路径:/api/user/v1/user/info,记录异常信息:access_token已失效.
2021-11-09 15:49:50,053 [reactor-http-nio-10] ERROR [c.laogeli.gateway.handler.GatewayExceptionHandler] GatewayExceptionHandler.java:118 - [全局异常处理]异常请求路径:/api/user/v1/user/info,记录异常信息:access_token已失效.
2021-11-09 15:51:32,813 [reactor-http-nio-1] ERROR [c.laogeli.gateway.handler.GatewayExceptionHandler] GatewayExceptionHandler.java:118 - [全局异常处理]异常请求路径:/api/api/user/v1/attachment/upload,记录异常信息:404 NOT_FOUND
2021-11-09 15:52:02,513 [reactor-http-nio-5] ERROR [c.laogeli.gateway.handler.GatewayExceptionHandler] GatewayExceptionHandler.java:118 - [全局异常处理]异常请求路径:/api/user/v1/user/info,记录异常信息:access_token已失效.
2021-11-09 15:54:02,343 [reactor-http-nio-9] ERROR [c.laogeli.gateway.handler.GatewayExceptionHandler] GatewayExceptionHandler.java:118 - [全局异常处理]异常请求路径:/api/user/v1/attachment/upload,记录异常信息:access_token已失效.
2021-11-09 15:55:41,896 [reactor-http-nio-9] ERROR [c.laogeli.gateway.handler.GatewayExceptionHandler] GatewayExceptionHandler.java:118 - [全局异常处理]异常请求路径:/api/user/v1/user/info,记录异常信息:access_token已失效.
2021-11-09 15:57:31,306 [reactor-http-nio-1] ERROR [c.laogeli.gateway.handler.GatewayExceptionHandler] GatewayExceptionHandler.java:118 - [全局异常处理]异常请求路径:/api/user/v1/attachment/upload,记录异常信息:access_token已失效.
2021-11-09 16:00:54,378 [reactor-http-nio-2] ERROR [c.laogeli.gateway.handler.GatewayExceptionHandler] GatewayExceptionHandler.java:118 - [全局异常处理]异常请求路径:/api/user/v1/attachment/upload,记录异常信息:access_token已失效.
2021-11-09 16:02:38,027 [reactor-http-nio-5] ERROR [c.laogeli.gateway.handler.GatewayExceptionHandler] GatewayExceptionHandler.java:118 - [全局异常处理]异常请求路径:/api/user/v1/user/info,记录异常信息:access_token已失效.
2021-11-09 16:05:06,666 [reactor-http-nio-11] ERROR [c.laogeli.gateway.handler.GatewayExceptionHandler] GatewayExceptionHandler.java:118 - [全局异常处理]异常请求路径:/api/user/v1/attachment/upload,记录异常信息:access_token已失效.
2021-11-09 16:07:08,693 [reactor-http-nio-5] ERROR [c.laogeli.gateway.handler.GatewayExceptionHandler] GatewayExceptionHandler.java:118 - [全局异常处理]异常请求路径:/api/user/v1/attachment/upload,记录异常信息:access_token已失效.
2021-11-09 16:08:47,939 [reactor-http-nio-11] ERROR [c.laogeli.gateway.handler.GatewayExceptionHandler] GatewayExceptionHandler.java:118 - [全局异常处理]异常请求路径:/api/order/v1/vehicle/getVehicleAndDriver/,记录异常信息:access_token已失效.
2021-11-09 16:08:48,523 [reactor-http-nio-4] ERROR [c.laogeli.gateway.handler.GatewayExceptionHandler] GatewayExceptionHandler.java:118 - [全局异常处理]异常请求路径:/api/user/v1/message/getMessageNotRead/738701429283360769,记录异常信息:access_token已失效.
2021-11-09 16:08:48,528 [reactor-http-nio-5] ERROR [c.laogeli.gateway.handler.GatewayExceptionHandler] GatewayExceptionHandler.java:118 - [全局异常处理]异常请求路径:/api/order/v1/driver/driverList,记录异常信息:access_token已失效.
2021-11-09 16:15:23,949 [reactor-http-nio-8] ERROR [c.laogeli.gateway.handler.GatewayExceptionHandler] GatewayExceptionHandler.java:118 - [全局异常处理]异常请求路径:/api/user/v1/user/info,记录异常信息:access_token已失效.
2021-11-09 16:17:14,820 [reactor-http-nio-1] ERROR [c.laogeli.gateway.handler.GatewayExceptionHandler] GatewayExceptionHandler.java:118 - [全局异常处理]异常请求路径:/api/user/v1/user/info,记录异常信息:access_token已失效.
2021-11-09 16:20:21,301 [reactor-http-nio-2] ERROR [c.laogeli.gateway.handler.GatewayExceptionHandler] GatewayExceptionHandler.java:118 - [全局异常处理]异常请求路径:/api/user/v1/user/info,记录异常信息:access_token已失效.
2021-11-09 16:22:11,857 [reactor-http-nio-9] ERROR [c.laogeli.gateway.handler.GatewayExceptionHandler] GatewayExceptionHandler.java:118 - [全局异常处理]异常请求路径:/api/user/v1/user/info,记录异常信息:access_token已失效.
2021-11-09 16:24:33,192 [reactor-http-nio-7] ERROR [c.laogeli.gateway.handler.GatewayExceptionHandler] GatewayExceptionHandler.java:118 - [全局异常处理]异常请求路径:/api/user/v1/attachment/upload,记录异常信息:access_token已失效.
2021-11-09 16:24:35,549 [reactor-http-nio-8] ERROR [c.laogeli.gateway.handler.GatewayExceptionHandler] GatewayExceptionHandler.java:118 - [全局异常处理]异常请求路径:/api/user/v1/user/info,记录异常信息:access_token已失效.
2021-11-09 16:26:53,378 [reactor-http-nio-9] ERROR [c.laogeli.gateway.handler.GatewayExceptionHandler] GatewayExceptionHandler.java:118 - [全局异常处理]异常请求路径:/api/user/v1/user/info,记录异常信息:access_token已失效.
2021-11-09 16:28:35,126 [reactor-http-nio-5] ERROR [c.laogeli.gateway.handler.GatewayExceptionHandler] GatewayExceptionHandler.java:118 - [全局异常处理]异常请求路径:/api/user/v1/attachment/upload,记录异常信息:access_token已失效.
2021-11-09 16:28:39,178 [reactor-http-nio-6] ERROR [c.laogeli.gateway.handler.GatewayExceptionHandler] GatewayExceptionHandler.java:118 - [全局异常处理]异常请求路径:/api/user/v1/attachment/upload,记录异常信息:access_token已失效.
2021-11-09 16:28:41,070 [reactor-http-nio-8] ERROR [c.laogeli.gateway.handler.GatewayExceptionHandler] GatewayExceptionHandler.java:118 - [全局异常处理]异常请求路径:/api/user/v1/user/info,记录异常信息:access_token已失效.
2021-11-09 16:31:10,368 [reactor-http-nio-5] ERROR [c.laogeli.gateway.handler.GatewayExceptionHandler] GatewayExceptionHandler.java:118 - [全局异常处理]异常请求路径:/api/user/v1/attachment/upload,记录异常信息:access_token已失效.
2021-11-09 16:32:55,569 [reactor-http-nio-10] ERROR [c.laogeli.gateway.handler.GatewayExceptionHandler] GatewayExceptionHandler.java:118 - [全局异常处理]异常请求路径:/api/user/v1/user/info,记录异常信息:access_token已失效.
2021-11-09 16:34:34,849 [reactor-http-nio-6] ERROR [c.laogeli.gateway.handler.GatewayExceptionHandler] GatewayExceptionHandler.java:118 - [全局异常处理]异常请求路径:/api/order/v1/clientele/getClienteleAndContact/738701429283360769,记录异常信息:access_token已失效.
2021-11-09 16:34:34,854 [reactor-http-nio-7] ERROR [c.laogeli.gateway.handler.GatewayExceptionHandler] GatewayExceptionHandler.java:118 - [全局异常处理]异常请求路径:/api/order/v1/driver/getDriverAndContact/738701429283360769,记录异常信息:access_token已失效.
2021-11-09 16:34:34,855 [reactor-http-nio-8] ERROR [c.laogeli.gateway.handler.GatewayExceptionHandler] GatewayExceptionHandler.java:118 - [全局异常处理]异常请求路径:/api/user/v1/user/getAllCorporateAccount/738701429283360769,记录异常信息:access_token已失效.
2021-11-09 16:34:34,858 [reactor-http-nio-9] ERROR [c.laogeli.gateway.handler.GatewayExceptionHandler] GatewayExceptionHandler.java:118 - [全局异常处理]异常请求路径:/api/user/v1/company/getCompanyById/738701429283360769,记录异常信息:access_token已失效.
2021-11-09 16:34:34,864 [reactor-http-nio-10] ERROR [c.laogeli.gateway.handler.GatewayExceptionHandler] GatewayExceptionHandler.java:118 - [全局异常处理]异常请求路径:/api/order/v1/constant/allShipsName,记录异常信息:access_token已失效.
2021-11-09 16:34:34,865 [reactor-http-nio-11] ERROR [c.laogeli.gateway.handler.GatewayExceptionHandler] GatewayExceptionHandler.java:118 - [全局异常处理]异常请求路径:/api/order/v1/constant/boxPileList,记录异常信息:access_token已失效.
2021-11-09 16:34:34,884 [reactor-http-nio-12] ERROR [c.laogeli.gateway.handler.GatewayExceptionHandler] GatewayExceptionHandler.java:118 - [全局异常处理]异常请求路径:/api/order/v1/clientele/getClienteleAndContact/738701429283360769,记录异常信息:access_token已失效.
2021-11-09 16:34:34,888 [reactor-http-nio-1] ERROR [c.laogeli.gateway.handler.GatewayExceptionHandler] GatewayExceptionHandler.java:118 - [全局异常处理]异常请求路径:/api/order/v1/constant/allShipCompany,记录异常信息:access_token已失效.
2021-11-09 16:34:34,896 [reactor-http-nio-2] ERROR [c.laogeli.gateway.handler.GatewayExceptionHandler] GatewayExceptionHandler.java:118 - [全局异常处理]异常请求路径:/api/order/v1/constant/dockList,记录异常信息:access_token已失效.
2021-11-09 16:34:34,898 [reactor-http-nio-3] ERROR [c.laogeli.gateway.handler.GatewayExceptionHandler] GatewayExceptionHandler.java:118 - [全局异常处理]异常请求路径:/api/order/v1/costsSet/findCostsSetList/738701429283360769,记录异常信息:access_token已失效.
2021-11-09 16:34:34,921 [reactor-http-nio-4] ERROR [c.laogeli.gateway.handler.GatewayExceptionHandler] GatewayExceptionHandler.java:118 - [全局异常处理]异常请求路径:/api/order/v1/vehicle/getVehicleAndDriver/,记录异常信息:access_token已失效.
2021-11-09 16:34:34,922 [reactor-http-nio-5] ERROR [c.laogeli.gateway.handler.GatewayExceptionHandler] GatewayExceptionHandler.java:118 - [全局异常处理]异常请求路径:/api/order/v1/driver/driverList,记录异常信息:access_token已失效.
2021-11-09 16:37:56,244 [reactor-http-nio-4] ERROR [c.laogeli.gateway.handler.GatewayExceptionHandler] GatewayExceptionHandler.java:118 - [全局异常处理]异常请求路径:/api/user/v1/attachment/upload,记录异常信息:access_token已失效.
2021-11-09 16:52:31,189 [reactor-http-nio-11] ERROR [c.laogeli.gateway.handler.GatewayExceptionHandler] GatewayExceptionHandler.java:118 - [全局异常处理]异常请求路径:/api/user/v1/user/info,记录异常信息:access_token已失效.
2021-11-09 16:54:40,353 [reactor-http-nio-7] ERROR [c.laogeli.gateway.handler.GatewayExceptionHandler] GatewayExceptionHandler.java:118 - [全局异常处理]异常请求路径:/api/user/v1/attachment/upload,记录异常信息:access_token已失效.
2021-11-09 16:57:07,995 [reactor-http-nio-2] ERROR [c.laogeli.gateway.handler.GatewayExceptionHandler] GatewayExceptionHandler.java:118 - [全局异常处理]异常请求路径:/api/order/v1/vehicle/carList,记录异常信息:access_token已失效.
2021-11-09 17:11:36,079 [reactor-http-nio-8] ERROR [c.laogeli.gateway.handler.GatewayExceptionHandler] GatewayExceptionHandler.java:118 - [全局异常处理]异常请求路径:/api/user/v1/attachment/upload,记录异常信息:access_token已失效.
2021-11-09 17:32:44,783 [reactor-http-nio-3] ERROR [c.laogeli.gateway.handler.GatewayExceptionHandler] GatewayExceptionHandler.java:118 - [全局异常处理]异常请求路径:/api/order/v1/vehicle/carList,记录异常信息:access_token已失效.
2021-11-10 13:57:20,652 [reactor-http-nio-9] ERROR [c.laogeli.gateway.handler.GatewayExceptionHandler] GatewayExceptionHandler.java:118 - [全局异常处理]异常请求路径:/api/user/v1/user/info,记录异常信息:access_token已失效.
2021-11-10 13:57:23,149 [reactor-http-nio-4] ERROR [c.laogeli.gateway.handler.GatewayExceptionHandler] GatewayExceptionHandler.java:118 - [全局异常处理]异常请求路径:/api/user/v1/user/info,记录异常信息:access_token已失效.
2021-11-10 13:59:16,636 [reactor-http-nio-11] ERROR [c.laogeli.gateway.handler.GatewayExceptionHandler] GatewayExceptionHandler.java:118 - [全局异常处理]异常请求路径:/api/distribute/v1/businessCenter/addMaking,记录异常信息:access_token已失效.
2021-11-10 13:59:20,680 [reactor-http-nio-2] ERROR [c.laogeli.gateway.handler.GatewayExceptionHandler] GatewayExceptionHandler.java:118 - [全局异常处理]异常请求路径:/api/user/v1/user/info,记录异常信息:access_token已失效.
2021-11-10 14:03:45,901 [reactor-http-nio-6] ERROR [c.laogeli.gateway.handler.GatewayExceptionHandler] GatewayExceptionHandler.java:118 - [全局异常处理]异常请求路径:/api/order/v1/tableHeader/getHeader,记录异常信息:access_token已失效.
2021-11-10 14:03:45,902 [reactor-http-nio-7] ERROR [c.laogeli.gateway.handler.GatewayExceptionHandler] GatewayExceptionHandler.java:118 - [全局异常处理]异常请求路径:/api/order/v1/boxMaking/boxMakingList,记录异常信息:access_token已失效.
2021-11-10 14:04:41,248 [reactor-http-nio-5] ERROR [c.laogeli.gateway.handler.GatewayExceptionHandler] GatewayExceptionHandler.java:118 - [全局异常处理]异常请求路径:/api/user/v1/user/info,记录异常信息:access_token已失效.
2021-11-10 14:08:46,330 [reactor-http-nio-3] ERROR [c.laogeli.gateway.handler.GatewayExceptionHandler] GatewayExceptionHandler.java:118 - [全局异常处理]异常请求路径:/api/order/v1/tableHeader/getHeader,记录异常信息:access_token已失效.
2021-11-10 14:08:46,330 [reactor-http-nio-4] ERROR [c.laogeli.gateway.handler.GatewayExceptionHandler] GatewayExceptionHandler.java:118 - [全局异常处理]异常请求路径:/api/order/v1/businessOrder/platformOrderList,记录异常信息:access_token已失效.
2021-11-10 15:09:28,756 [reactor-http-nio-10] ERROR [c.laogeli.gateway.handler.GatewayExceptionHandler] GatewayExceptionHandler.java:118 - [全局异常处理]异常请求路径:/api/user/v1/message/getMessage,记录异常信息:access_token已失效.
2021-11-11 13:43:40,405 [reactor-http-nio-11] ERROR [c.laogeli.gateway.handler.GatewayExceptionHandler] GatewayExceptionHandler.java:118 - [全局异常处理]异常请求路径:/api/user/v1/user/info,记录异常信息:access_token已失效.
2021-11-11 13:43:52,734 [reactor-http-nio-7] ERROR [c.laogeli.gateway.handler.GatewayExceptionHandler] GatewayExceptionHandler.java:118 - [全局异常处理]异常请求路径:/api/user/v1/user/info,记录异常信息:access_token已失效.
2021-11-11 13:45:39,522 [reactor-http-nio-11] ERROR [c.laogeli.gateway.handler.GatewayExceptionHandler] GatewayExceptionHandler.java:118 - [全局异常处理]异常请求路径:/api/distribute/v1/businessCenter/addMaking,记录异常信息:access_token已失效.
2021-11-11 13:52:04,542 [reactor-http-nio-4] ERROR [c.laogeli.gateway.handler.GatewayExceptionHandler] GatewayExceptionHandler.java:118 - [全局异常处理]异常请求路径:/api/distribute/v1/businessCenter/addMaking,记录异常信息:access_token已失效.
2021-11-11 14:00:21,047 [reactor-http-nio-8] ERROR [c.laogeli.gateway.handler.GatewayExceptionHandler] GatewayExceptionHandler.java:118 - [全局异常处理]异常请求路径:/api/user/v1/user/info,记录异常信息:access_token已失效.
2021-11-11 14:01:19,131 [reactor-http-nio-5] ERROR [c.laogeli.gateway.handler.GatewayExceptionHandler] GatewayExceptionHandler.java:118 - [全局异常处理]异常请求路径:/api/order/v1/tableHeader/getHeader,记录异常信息:access_token已失效.
2021-11-11 14:01:19,131 [reactor-http-nio-6] ERROR [c.laogeli.gateway.handler.GatewayExceptionHandler] GatewayExceptionHandler.java:118 - [全局异常处理]异常请求路径:/api/order/v1/businessOrder/platformOrderList,记录异常信息:access_token已失效.
2021-11-11 14:01:19,501 [reactor-http-nio-9] ERROR [c.laogeli.gateway.handler.GatewayExceptionHandler] GatewayExceptionHandler.java:118 - [全局异常处理]异常请求路径:/api/order/v1/tableHeader/getHeader,记录异常信息:你的主机中的软件中止了一个已建立的连接。
2021-11-11 14:01:19,502 [reactor-http-nio-9] ERROR [o.s.web.server.adapter.HttpWebHandlerAdapter] HttpWebHandlerAdapter.java:298 - [9a3b2e0b] Error [java.io.IOException: 你的主机中的软件中止了一个已建立的连接。] for HTTP GET "/api/order/v1/tableHeader/getHeader?tableId=7&userId=738701429283360768", but ServerHttpResponse already committed (200 OK)
2021-11-11 14:01:19,540 [reactor-http-nio-10] ERROR [c.laogeli.gateway.handler.GatewayExceptionHandler] GatewayExceptionHandler.java:118 - [全局异常处理]异常请求路径:/api/order/v1/businessOrder/platformOrderList,记录异常信息:你的主机中的软件中止了一个已建立的连接。
2021-11-11 14:01:19,541 [reactor-http-nio-10] ERROR [o.s.web.server.adapter.HttpWebHandlerAdapter] HttpWebHandlerAdapter.java:298 - [48d57fb9] Error [java.io.IOException: 你的主机中的软件中止了一个已建立的连接。] for HTTP GET "/api/order/v1/businessOrder/platformOrderList?pageNum=1&pageSize=10&sort=create_date&order=desc&orderNumber=&orderType=0&corporateIdentify=738701429283360769", but ServerHttpResponse already committed (200 OK)
2021-11-11 14:22:36,348 [reactor-http-nio-3] ERROR [c.laogeli.gateway.handler.GatewayExceptionHandler] GatewayExceptionHandler.java:118 - [全局异常处理]异常请求路径:/api/user/v1/user/info,记录异常信息:access_token已失效.
2021-11-11 14:24:44,257 [reactor-http-nio-7] ERROR [c.laogeli.gateway.handler.GatewayExceptionHandler] GatewayExceptionHandler.java:118 - [全局异常处理]异常请求路径:/api/user/v1/user/info,记录异常信息:access_token已失效.
2021-11-11 14:27:17,397 [reactor-http-nio-1] ERROR [c.laogeli.gateway.handler.GatewayExceptionHandler] GatewayExceptionHandler.java:118 - [全局异常处理]异常请求路径:/api/user/v1/user/info,记录异常信息:access_token已失效.
2021-11-11 14:27:57,847 [reactor-http-nio-8] ERROR [c.laogeli.gateway.handler.GatewayExceptionHandler] GatewayExceptionHandler.java:118 - [全局异常处理]异常请求路径:/api/user/v1/user/info,记录异常信息:access_token已失效.
2021-11-11 14:29:34,606 [reactor-http-nio-2] ERROR [c.laogeli.gateway.handler.GatewayExceptionHandler] GatewayExceptionHandler.java:118 - [全局异常处理]异常请求路径:/api/order/v1/tableHeader/getHeader,记录异常信息:access_token已失效.
2021-11-11 14:29:34,606 [reactor-http-nio-3] ERROR [c.laogeli.gateway.handler.GatewayExceptionHandler] GatewayExceptionHandler.java:118 - [全局异常处理]异常请求路径:/api/distribute/v1/mineOrder/,记录异常信息:access_token已失效.
2021-11-11 14:29:52,392 [reactor-http-nio-12] ERROR [c.laogeli.gateway.handler.GatewayExceptionHandler] GatewayExceptionHandler.java:118 - [全局异常处理]异常请求路径:/api/user/v1/user/info,记录异常信息:access_token已失效.
2021-11-11 14:32:04,991 [reactor-http-nio-3] ERROR [c.laogeli.gateway.handler.GatewayExceptionHandler] GatewayExceptionHandler.java:118 - [全局异常处理]异常请求路径:/api/order/v1/businessOrder/updateStatusChat,记录异常信息:access_token已失效.
2021-11-11 14:32:04,997 [reactor-http-nio-4] ERROR [c.laogeli.gateway.handler.GatewayExceptionHandler] GatewayExceptionHandler.java:118 - [全局异常处理]异常请求路径:/api/order/v1/businessOrder/platformOrderList,记录异常信息:access_token已失效.
2021-11-11 14:35:48,691 [reactor-http-nio-7] ERROR [c.laogeli.gateway.handler.GatewayExceptionHandler] GatewayExceptionHandler.java:118 - [全局异常处理]异常请求路径:/api/user/v1/user/info,记录异常信息:access_token已失效.
2021-11-11 14:36:36,630 [reactor-http-nio-1] ERROR [c.laogeli.gateway.handler.GatewayExceptionHandler] GatewayExceptionHandler.java:118 - [全局异常处理]异常请求路径:/api/user/v1/user/info,记录异常信息:access_token已失效.
2021-11-11 15:51:06,231 [reactor-http-nio-11] ERROR [c.laogeli.gateway.handler.GatewayExceptionHandler] GatewayExceptionHandler.java:118 - [全局异常处理]异常请求路径:/api/order/v1/businessOrder/updateStatusChat,记录异常信息:access_token已失效.
2021-11-11 15:51:06,236 [reactor-http-nio-12] ERROR [c.laogeli.gateway.handler.GatewayExceptionHandler] GatewayExceptionHandler.java:118 - [全局异常处理]异常请求路径:/api/order/v1/businessOrder/platformOrderList,记录异常信息:access_token已失效.
2021-11-11 16:17:44,408 [reactor-http-nio-6] ERROR [c.laogeli.gateway.handler.GatewayExceptionHandler] GatewayExceptionHandler.java:118 - [全局异常处理]异常请求路径:/api/distribute/v1/mineOrder/,记录异常信息:access_token已失效.
2021-11-12 08:58:20,932 [reactor-http-nio-2] ERROR [c.laogeli.gateway.handler.GatewayExceptionHandler] GatewayExceptionHandler.java:118 - [全局异常处理]异常请求路径:/api/user/v1/user/info,记录异常信息:access_token已失效.
2021-11-12 09:00:15,049 [reactor-http-nio-3] ERROR [c.laogeli.gateway.handler.GatewayExceptionHandler] GatewayExceptionHandler.java:118 - [全局异常处理]异常请求路径:/api/user/v1/log/getOrderLog/JXPTSE2021111100004,记录异常信息:access_token已失效.
2021-11-12 09:01:55,035 [reactor-http-nio-8] ERROR [c.laogeli.gateway.handler.GatewayExceptionHandler] GatewayExceptionHandler.java:118 - [全局异常处理]异常请求路径:/api/order/v1/businessOrder/alreadyReaderOrder,记录异常信息:access_token已失效.
2021-11-12 09:01:55,036 [reactor-http-nio-9] ERROR [c.laogeli.gateway.handler.GatewayExceptionHandler] GatewayExceptionHandler.java:118 - [全局异常处理]异常请求路径:/api/order/v1/businessOrder/messageRedis,记录异常信息:access_token已失效.
2021-11-12 09:02:30,261 [reactor-http-nio-11] ERROR [c.laogeli.gateway.handler.GatewayExceptionHandler] GatewayExceptionHandler.java:118 - [全局异常处理]异常请求路径:/api/user/v1/user/info,记录异常信息:access_token已失效.
2021-11-12 09:04:54,691 [reactor-http-nio-8] ERROR [c.laogeli.gateway.handler.GatewayExceptionHandler] GatewayExceptionHandler.java:118 - [全局异常处理]异常请求路径:/api/order/v1/businessOrder/updateStatusChat,记录异常信息:access_token已失效.
2021-11-12 09:04:54,697 [reactor-http-nio-9] ERROR [c.laogeli.gateway.handler.GatewayExceptionHandler] GatewayExceptionHandler.java:118 - [全局异常处理]异常请求路径:/api/order/v1/businessOrder/platformOrderList,记录异常信息:access_token已失效.
2021-11-12 09:07:59,327 [reactor-http-nio-2] ERROR [c.laogeli.gateway.handler.GatewayExceptionHandler] GatewayExceptionHandler.java:118 - [全局异常处理]异常请求路径:/api/user/v1/user/info,记录异常信息:access_token已失效.
2021-11-12 09:07:59,633 [reactor-http-nio-4] ERROR [c.laogeli.gateway.handler.GatewayExceptionHandler] GatewayExceptionHandler.java:118 - [全局异常处理]异常请求路径:/api/user/v1/user/info,记录异常信息:access_token已失效.
2021-11-12 09:10:17,404 [reactor-http-nio-11] ERROR [c.laogeli.gateway.handler.GatewayExceptionHandler] GatewayExceptionHandler.java:118 - [全局异常处理]异常请求路径:/api/user/v1/user/info,记录异常信息:access_token已失效.
2021-11-12 09:10:17,469 [reactor-http-nio-12] ERROR [c.laogeli.gateway.handler.GatewayExceptionHandler] GatewayExceptionHandler.java:118 - [全局异常处理]异常请求路径:/api/user/v1/user/info,记录异常信息:access_token已失效.
2021-11-12 09:12:09,162 [reactor-http-nio-5] ERROR [c.laogeli.gateway.handler.GatewayExceptionHandler] GatewayExceptionHandler.java:118 - [全局异常处理]异常请求路径:/api/user/v1/user/info,记录异常信息:access_token已失效.
2021-11-12 09:15:19,279 [reactor-http-nio-11] ERROR [c.laogeli.gateway.handler.GatewayExceptionHandler] GatewayExceptionHandler.java:118 - [全局异常处理]异常请求路径:/api/user/v1/user/info,记录异常信息:access_token已失效.
2021-11-12 09:17:23,757 [reactor-http-nio-5] ERROR [c.laogeli.gateway.handler.GatewayExceptionHandler] GatewayExceptionHandler.java:118 - [全局异常处理]异常请求路径:/api/user/v1/user/info,记录异常信息:access_token已失效.
2021-11-12 09:19:10,477 [reactor-http-nio-7] ERROR [c.laogeli.gateway.handler.GatewayExceptionHandler] GatewayExceptionHandler.java:118 - [全局异常处理]异常请求路径:/api/distribute/v1/businessCenter/businessCenterList,记录异常信息:access_token已失效.
2021-11-12 09:22:33,469 [reactor-http-nio-7] ERROR [c.laogeli.gateway.handler.GatewayExceptionHandler] GatewayExceptionHandler.java:118 - [全局异常处理]异常请求路径:/api/user/v1/attachment/upload,记录异常信息:access_token已失效.
2021-11-12 09:22:37,632 [reactor-http-nio-8] ERROR [c.laogeli.gateway.handler.GatewayExceptionHandler] GatewayExceptionHandler.java:118 - [全局异常处理]异常请求路径:/api/user/v1/attachment/upload,记录异常信息:access_token已失效.
2021-11-12 09:26:41,805 [reactor-http-nio-9] ERROR [c.laogeli.gateway.handler.GatewayExceptionHandler] GatewayExceptionHandler.java:118 - [全局异常处理]异常请求路径:/api/user/v1/attachment/upload,记录异常信息:access_token已失效.
2021-11-12 09:26:46,433 [reactor-http-nio-11] ERROR [c.laogeli.gateway.handler.GatewayExceptionHandler] GatewayExceptionHandler.java:118 - [全局异常处理]异常请求路径:/api/user/v1/user/info,记录异常信息:access_token已失效.
2021-11-12 09:26:57,236 [reactor-http-nio-4] ERROR [c.laogeli.gateway.handler.GatewayExceptionHandler] GatewayExceptionHandler.java:118 - [全局异常处理]异常请求路径:/api/order/v1/tableHeader/getHeader,记录异常信息:access_token已失效.
2021-11-12 09:26:57,238 [reactor-http-nio-5] ERROR [c.laogeli.gateway.handler.GatewayExceptionHandler] GatewayExceptionHandler.java:118 - [全局异常处理]异常请求路径:/api/order/v1/businessOrder/platformOrderList,记录异常信息:access_token已失效.
2021-11-12 11:04:22,328 [reactor-http-nio-3] ERROR [c.laogeli.gateway.handler.GatewayExceptionHandler] GatewayExceptionHandler.java:118 - [全局异常处理]异常请求路径:/api/user/v1/user/info,记录异常信息:access_token已失效.
2021-11-12 11:07:51,927 [reactor-http-nio-4] ERROR [c.laogeli.gateway.handler.GatewayExceptionHandler] GatewayExceptionHandler.java:118 - [全局异常处理]异常请求路径:/api/order/v1/businessOrder/alreadyReaderOrder,记录异常信息:access_token已失效.
2021-11-12 11:07:51,929 [reactor-http-nio-5] ERROR [c.laogeli.gateway.handler.GatewayExceptionHandler] GatewayExceptionHandler.java:118 - [全局异常处理]异常请求路径:/api/order/v1/businessOrder/messageRedis,记录异常信息:access_token已失效.
2021-11-12 11:13:09,664 [reactor-http-nio-9] ERROR [c.laogeli.gateway.handler.GatewayExceptionHandler] GatewayExceptionHandler.java:118 - [全局异常处理]异常请求路径:/api/user/v1/user/info,记录异常信息:access_token已失效.
2021-11-12 11:17:31,897 [reactor-http-nio-7] ERROR [c.laogeli.gateway.handler.GatewayExceptionHandler] GatewayExceptionHandler.java:118 - [全局异常处理]异常请求路径:/api/user/v1/user/getEmployee/738701429283360769,记录异常信息:access_token已失效.
2021-11-12 11:17:31,906 [reactor-http-nio-8] ERROR [c.laogeli.gateway.handler.GatewayExceptionHandler] GatewayExceptionHandler.java:118 - [全局异常处理]异常请求路径:/api/order/v1/makingChest/getMakingChestList,记录异常信息:access_token已失效.
2021-11-12 11:19:14,820 [reactor-http-nio-3] ERROR [c.laogeli.gateway.handler.GatewayExceptionHandler] GatewayExceptionHandler.java:118 - [全局异常处理]异常请求路径:/api/user/v1/user/getEmployee/738701429283360769,记录异常信息:access_token已失效.
2021-11-12 11:19:14,828 [reactor-http-nio-4] ERROR [c.laogeli.gateway.handler.GatewayExceptionHandler] GatewayExceptionHandler.java:118 - [全局异常处理]异常请求路径:/api/order/v1/makingChest/getMakingChestList,记录异常信息:access_token已失效.
2021-11-12 11:21:10,625 [reactor-http-nio-9] ERROR [c.laogeli.gateway.handler.GatewayExceptionHandler] GatewayExceptionHandler.java:118 - [全局异常处理]异常请求路径:/api/user/v1/user/getEmployee/738701429283360769,记录异常信息:access_token已失效.
2021-11-12 11:21:10,632 [reactor-http-nio-10] ERROR [c.laogeli.gateway.handler.GatewayExceptionHandler] GatewayExceptionHandler.java:118 - [全局异常处理]异常请求路径:/api/order/v1/makingChest/getMakingChestList,记录异常信息:access_token已失效.
2021-11-12 11:23:00,072 [reactor-http-nio-10] ERROR [c.laogeli.gateway.handler.GatewayExceptionHandler] GatewayExceptionHandler.java:118 - [全局异常处理]异常请求路径:/api/user/v1/user/getEmployee/738701429283360769,记录异常信息:access_token已失效.
2021-11-12 11:23:00,081 [reactor-http-nio-11] ERROR [c.laogeli.gateway.handler.GatewayExceptionHandler] GatewayExceptionHandler.java:118 - [全局异常处理]异常请求路径:/api/order/v1/makingChest/getMakingChestList,记录异常信息:access_token已失效.
2021-11-12 11:23:04,831 [reactor-http-nio-5] ERROR [c.laogeli.gateway.handler.GatewayExceptionHandler] GatewayExceptionHandler.java:118 - [全局异常处理]异常请求路径:/api/order/v1/makingChest/getMakingChestList,记录异常信息:你的主机中的软件中止了一个已建立的连接。
2021-11-12 11:23:04,831 [reactor-http-nio-4] ERROR [c.laogeli.gateway.handler.GatewayExceptionHandler] GatewayExceptionHandler.java:118 - [全局异常处理]异常请求路径:/api/user/v1/user/getEmployee/738701429283360769,记录异常信息:你的主机中的软件中止了一个已建立的连接。
2021-11-12 11:23:04,834 [reactor-http-nio-4] ERROR [o.s.web.server.adapter.HttpWebHandlerAdapter] HttpWebHandlerAdapter.java:298 - [62544054] Error [java.io.IOException: 你的主机中的软件中止了一个已建立的连接。] for HTTP GET "/api/user/v1/user/getEmployee/738701429283360769", but ServerHttpResponse already committed (200 OK)
2021-11-12 11:23:04,834 [reactor-http-nio-5] ERROR [o.s.web.server.adapter.HttpWebHandlerAdapter] HttpWebHandlerAdapter.java:298 - [a73f646d] Error [java.io.IOException: 你的主机中的软件中止了一个已建立的连接。] for HTTP GET "/api/order/v1/makingChest/getMakingChestList?businessOrderId=908673635697430528&companyId=", but ServerHttpResponse already committed (200 OK)
2021-11-12 11:26:32,933 [reactor-http-nio-7] ERROR [c.laogeli.gateway.handler.GatewayExceptionHandler] GatewayExceptionHandler.java:118 - [全局异常处理]异常请求路径:/api/user/v1/user/info,记录异常信息:access_token已失效.
2021-11-12 13:38:10,112 [reactor-http-nio-7] ERROR [c.laogeli.gateway.handler.GatewayExceptionHandler] GatewayExceptionHandler.java:118 - [全局异常处理]异常请求路径:/api/order/v1/businessOrder/updateStatusChat,记录异常信息:access_token已失效.
2021-11-12 13:38:10,119 [reactor-http-nio-8] ERROR [c.laogeli.gateway.handler.GatewayExceptionHandler] GatewayExceptionHandler.java:118 - [全局异常处理]异常请求路径:/api/order/v1/businessOrder/platformOrderList,记录异常信息:access_token已失效.
2021-11-12 13:39:49,677 [reactor-http-nio-2] ERROR [c.laogeli.gateway.handler.GatewayExceptionHandler] GatewayExceptionHandler.java:118 - [全局异常处理]异常请求路径:/api/order/v1/businessOrder/updateStatusChat,记录异常信息:access_token已失效.
2021-11-12 13:39:49,681 [reactor-http-nio-3] ERROR [c.laogeli.gateway.handler.GatewayExceptionHandler] GatewayExceptionHandler.java:118 - [全局异常处理]异常请求路径:/api/order/v1/businessOrder/platformOrderList,记录异常信息:access_token已失效.
2021-11-12 13:42:48,588 [reactor-http-nio-2] ERROR [c.laogeli.gateway.handler.GatewayExceptionHandler] GatewayExceptionHandler.java:118 - [全局异常处理]异常请求路径:/api/user/v1/user/info,记录异常信息:access_token已失效.
2021-11-12 13:44:49,782 [reactor-http-nio-9] ERROR [c.laogeli.gateway.handler.GatewayExceptionHandler] GatewayExceptionHandler.java:118 - [全局异常处理]异常请求路径:/api/user/v1/user/info,记录异常信息:access_token已失效.
2021-11-12 13:46:29,481 [reactor-http-nio-1] ERROR [c.laogeli.gateway.handler.GatewayExceptionHandler] GatewayExceptionHandler.java:118 - [全局异常处理]异常请求路径:/api/user/v1/user/info,记录异常信息:access_token已失效.
2021-11-12 13:50:14,012 [reactor-http-nio-11] ERROR [c.laogeli.gateway.handler.GatewayExceptionHandler] GatewayExceptionHandler.java:118 - [全局异常处理]异常请求路径:/api/order/v1/businessOrder/messageRedis,记录异常信息:access_token已失效.
2021-11-12 13:51:54,135 [reactor-http-nio-4] ERROR [c.laogeli.gateway.handler.GatewayExceptionHandler] GatewayExceptionHandler.java:118 - [全局异常处理]异常请求路径:/api/order/v1/businessOrder/updateStatusChat,记录异常信息:access_token已失效.
2021-11-12 13:51:54,139 [reactor-http-nio-5] ERROR [c.laogeli.gateway.handler.GatewayExceptionHandler] GatewayExceptionHandler.java:118 - [全局异常处理]异常请求路径:/api/order/v1/businessOrder/businessOrderList,记录异常信息:access_token已失效.
2021-11-12 13:56:50,849 [reactor-http-nio-12] ERROR [c.laogeli.gateway.handler.GatewayExceptionHandler] GatewayExceptionHandler.java:118 - [全局异常处理]异常请求路径:/api/order/v1/businessOrder/updateState,记录异常信息:access_token已失效.
2021-11-12 14:15:54,032 [reactor-http-nio-8] ERROR [c.laogeli.gateway.handler.GatewayExceptionHandler] GatewayExceptionHandler.java:118 - [全局异常处理]异常请求路径:/api/order/v1/businessOrder/updateStatusChat,记录异常信息:access_token已失效.
2021-11-12 14:15:54,037 [reactor-http-nio-9] ERROR [c.laogeli.gateway.handler.GatewayExceptionHandler] GatewayExceptionHandler.java:118 - [全局异常处理]异常请求路径:/api/order/v1/businessOrder/platformOrderList,记录异常信息:access_token已失效.
2021-11-12 14:19:00,505 [reactor-http-nio-8] ERROR [c.laogeli.gateway.handler.GatewayExceptionHandler] GatewayExceptionHandler.java:118 - [全局异常处理]异常请求路径:/api/order/v1/businessOrder/messageRedis,记录异常信息:access_token已失效.
2021-11-12 14:31:13,748 [reactor-http-nio-4] ERROR [c.laogeli.gateway.handler.GatewayExceptionHandler] GatewayExceptionHandler.java:118 - [全局异常处理]异常请求路径:/api/order/v1/businessOrder/messageRedis,记录异常信息:access_token已失效.
2021-11-12 14:36:22,626 [reactor-http-nio-9] ERROR [c.laogeli.gateway.handler.GatewayExceptionHandler] GatewayExceptionHandler.java:118 - [全局异常处理]异常请求路径:/api/order/v1/businessOrder/messageRedis,记录异常信息:access_token已失效.
2021-11-12 14:38:06,451 [reactor-http-nio-8] ERROR [c.laogeli.gateway.handler.GatewayExceptionHandler] GatewayExceptionHandler.java:118 - [全局异常处理]异常请求路径:/api/user/v1/user/info,记录异常信息:access_token已失效.
2021-11-12 14:44:20,459 [reactor-http-nio-1] ERROR [c.laogeli.gateway.handler.GatewayExceptionHandler] GatewayExceptionHandler.java:118 - [全局异常处理]异常请求路径:/api/user/v1/user/info,记录异常信息:access_token已失效.
2021-11-12 14:45:25,760 [reactor-http-nio-12] ERROR [c.laogeli.gateway.handler.GatewayExceptionHandler] GatewayExceptionHandler.java:118 - [全局异常处理]异常请求路径:/api/user/v1/user/info,记录异常信息:access_token已失效.
2021-11-12 14:46:03,092 [reactor-http-nio-10] ERROR [c.laogeli.gateway.handler.GatewayExceptionHandler] GatewayExceptionHandler.java:118 - [全局异常处理]异常请求路径:/api/order/v1/businessOrder/messageRedis,记录异常信息:access_token已失效.
2021-11-12 14:50:01,573 [reactor-http-nio-5] ERROR [c.laogeli.gateway.handler.GatewayExceptionHandler] GatewayExceptionHandler.java:118 - [全局异常处理]异常请求路径:/api/order/v1/businessOrder/messageRedis,记录异常信息:access_token已失效.
2021-11-12 14:57:05,237 [reactor-http-nio-11] ERROR [c.laogeli.gateway.handler.GatewayExceptionHandler] GatewayExceptionHandler.java:118 - [全局异常处理]异常请求路径:/api/order/v1/businessOrder/messageRedis,记录异常信息:access_token已失效.
2021-11-12 14:58:09,868 [reactor-http-nio-10] ERROR [c.laogeli.gateway.handler.GatewayExceptionHandler] GatewayExceptionHandler.java:118 - [全局异常处理]异常请求路径:/api/user/v1/attachment/upload,记录异常信息:access_token已失效.
2021-11-12 14:58:13,370 [reactor-http-nio-11] ERROR [c.laogeli.gateway.handler.GatewayExceptionHandler] GatewayExceptionHandler.java:118 - [全局异常处理]异常请求路径:/api/user/v1/attachment/upload,记录异常信息:access_token已失效.
2021-11-12 14:58:18,536 [reactor-http-nio-1] ERROR [c.laogeli.gateway.handler.GatewayExceptionHandler] GatewayExceptionHandler.java:118 - [全局异常处理]异常请求路径:/api/user/v1/user/info,记录异常信息:access_token已失效.
2021-11-12 15:21:10,647 [reactor-http-nio-2] ERROR [c.laogeli.gateway.handler.GatewayExceptionHandler] GatewayExceptionHandler.java:118 - [全局异常处理]异常请求路径:/api/order/v1/businessOrder/updateStatusChat,记录异常信息:access_token已失效.
2021-11-12 15:21:10,653 [reactor-http-nio-3] ERROR [c.laogeli.gateway.handler.GatewayExceptionHandler] GatewayExceptionHandler.java:118 - [全局异常处理]异常请求路径:/api/order/v1/businessOrder/platformOrderList,记录异常信息:access_token已失效.
2021-11-12 15:30:18,450 [reactor-http-nio-7] ERROR [c.laogeli.gateway.handler.GatewayExceptionHandler] GatewayExceptionHandler.java:118 - [全局异常处理]异常请求路径:/api/order/v1/businessOrder/messageRedis,记录异常信息:access_token已失效.
2021-11-12 16:54:04,893 [reactor-http-nio-4] ERROR [c.laogeli.gateway.handler.GatewayExceptionHandler] GatewayExceptionHandler.java:118 - [全局异常处理]异常请求路径:/api/order/v1/makingChest/getMakingChestList,记录异常信息:access_token已失效.
2021-11-12 17:11:36,091 [reactor-http-nio-4] ERROR [c.laogeli.gateway.handler.GatewayExceptionHandler] GatewayExceptionHandler.java:118 - [全局异常处理]异常请求路径:/api/order/v1/driver/driverList,记录异常信息:access_token已失效.
2021-11-27 19:35:13,699 [reactor-http-nio-7] ERROR [c.laogeli.gateway.handler.GatewayExceptionHandler] GatewayExceptionHandler.java:118 - [全局异常处理]异常请求路径:/api/order/v1/constant/boxPileList,记录异常信息:你的主机中的软件中止了一个已建立的连接。
2021-11-27 19:35:13,702 [reactor-http-nio-7] ERROR [o.s.web.server.adapter.HttpWebHandlerAdapter] HttpWebHandlerAdapter.java:298 - [c12169cd] Error [java.io.IOException: 你的主机中的软件中止了一个已建立的连接。] for HTTP GET "/api/order/v1/constant/boxPileList", but ServerHttpResponse already committed (200 OK)
2021-11-27 19:35:13,714 [reactor-http-nio-4] ERROR [c.laogeli.gateway.handler.GatewayExceptionHandler] GatewayExceptionHandler.java:118 - [全局异常处理]异常请求路径:/api/user/v1/user/getAllCorporateAccount/795754454723989505,记录异常信息:你的主机中的软件中止了一个已建立的连接。
2021-11-27 19:35:13,715 [reactor-http-nio-4] ERROR [o.s.web.server.adapter.HttpWebHandlerAdapter] HttpWebHandlerAdapter.java:298 - [037de994] Error [java.io.IOException: 你的主机中的软件中止了一个已建立的连接。] for HTTP GET "/api/user/v1/user/getAllCorporateAccount/795754454723989505", but ServerHttpResponse already committed (200 OK)
2021-11-27 19:35:14,278 [reactor-http-nio-5] ERROR [c.laogeli.gateway.handler.GatewayExceptionHandler] GatewayExceptionHandler.java:118 - [全局异常处理]异常请求路径:/api/user/v1/company/getCompanyById/795754454723989505,记录异常信息:你的主机中的软件中止了一个已建立的连接。
2021-11-27 19:35:14,278 [reactor-http-nio-5] ERROR [o.s.web.server.adapter.HttpWebHandlerAdapter] HttpWebHandlerAdapter.java:298 - [41a4a34c] Error [java.io.IOException: 你的主机中的软件中止了一个已建立的连接。] for HTTP GET "/api/user/v1/company/getCompanyById/795754454723989505", but ServerHttpResponse already committed (200 OK)
2021-11-27 19:35:14,401 [reactor-http-nio-8] ERROR [c.laogeli.gateway.handler.GatewayExceptionHandler] GatewayExceptionHandler.java:118 - [全局异常处理]异常请求路径:/api/order/v1/clientele/getClienteleAndContact/795754454723989505,记录异常信息:你的主机中的软件中止了一个已建立的连接。
2021-11-27 19:35:14,401 [reactor-http-nio-8] ERROR [o.s.web.server.adapter.HttpWebHandlerAdapter] HttpWebHandlerAdapter.java:298 - [4f9bee0a] Error [java.io.IOException: 你的主机中的软件中止了一个已建立的连接。] for HTTP GET "/api/order/v1/clientele/getClienteleAndContact/795754454723989505", but ServerHttpResponse already committed (200 OK)
2021-11-27 19:36:09,664 [reactor-http-nio-2] ERROR [c.laogeli.gateway.handler.GatewayExceptionHandler] GatewayExceptionHandler.java:118 - [全局异常处理]异常请求路径:/api/user/v1/user/info,记录异常信息:你的主机中的软件中止了一个已建立的连接。
2021-11-27 19:36:09,665 [reactor-http-nio-2] ERROR [o.s.web.server.adapter.HttpWebHandlerAdapter] HttpWebHandlerAdapter.java:298 - [75a5f87e] Error [java.io.IOException: 你的主机中的软件中止了一个已建立的连接。] for HTTP GET "/api/user/v1/user/info", but ServerHttpResponse already committed (200 OK)
